<?xml version="1.0" encoding="UTF-8"?>
<coverage generated="1632674902997" clover="3.2.0">
  <project timestamp="1632674902997" name="All files">
    <metrics statements="169" coveredstatements="146" conditionals="405" coveredconditionals="284" methods="52" coveredmethods="43" elements="626" coveredelements="473" complexity="0" loc="169" ncloc="169" packages="1" files="4" classes="4"/>
    <file name="bus.mock.ts" path="/home/javierlopez/Coding/react-against-the-machine/src/bus.mock.ts">
      <metrics statements="11" coveredstatements="11" conditionals="8" coveredconditionals="5" methods="5" coveredmethods="5"/>
      <line num="11" count="1" type="stmt"/>
      <line num="15" count="2" type="stmt"/>
      <line num="17" count="2" type="cond" truecount="1" falsecount="1"/>
      <line num="18" count="2" type="stmt"/>
      <line num="19" count="2" type="stmt"/>
      <line num="25" count="6" type="cond" truecount="4" falsecount="2"/>
      <line num="26" count="6" type="stmt"/>
      <line num="29" count="6" type="stmt"/>
      <line num="33" count="3" type="stmt"/>
      <line num="37" count="1" type="stmt"/>
      <line num="39" count="1" type="stmt"/>
    </file>
    <file name="components.mock.tsx" path="/home/javierlopez/Coding/react-against-the-machine/src/components.mock.tsx">
      <metrics statements="4" coveredstatements="4" conditionals="8" coveredconditionals="6" methods="2" coveredmethods="2"/>
      <line num="5" count="1" type="stmt"/>
      <line num="6" count="2" type="stmt"/>
      <line num="13" count="1" type="stmt"/>
      <line num="14" count="2" type="stmt"/>
    </file>
    <file name="index.tsx" path="/home/javierlopez/Coding/react-against-the-machine/src/index.tsx">
      <metrics statements="103" coveredstatements="81" conditionals="240" coveredconditionals="156" methods="20" coveredmethods="12"/>
      <line num="1" count="1" type="stmt"/>
      <line num="3" count="1" type="stmt"/>
      <line num="4" count="1" type="stmt"/>
      <line num="21" count="1" type="stmt"/>
      <line num="22" count="8" type="stmt"/>
      <line num="23" count="8" type="stmt"/>
      <line num="25" count="8" type="stmt"/>
      <line num="26" count="8" type="stmt"/>
      <line num="27" count="8" type="stmt"/>
      <line num="28" count="8" type="stmt"/>
      <line num="31" count="8" type="stmt"/>
      <line num="32" count="5" type="stmt"/>
      <line num="34" count="5" type="cond" truecount="2" falsecount="0"/>
      <line num="35" count="3" type="stmt"/>
      <line num="37" count="2" type="stmt"/>
      <line num="41" count="8" type="stmt"/>
      <line num="42" count="0" type="stmt"/>
      <line num="45" count="8" type="stmt"/>
      <line num="47" count="8" type="stmt"/>
      <line num="48" count="5" type="stmt"/>
      <line num="50" count="5" type="cond" truecount="7" falsecount="1"/>
      <line num="51" count="2" type="cond" truecount="3" falsecount="1"/>
      <line num="53" count="3" type="stmt"/>
      <line num="54" count="3" type="stmt"/>
      <line num="58" count="8" type="stmt"/>
      <line num="59" count="0" type="stmt"/>
      <line num="61" count="0" type="cond" truecount="0" falsecount="2"/>
      <line num="62" count="0" type="stmt"/>
      <line num="65" count="0" type="stmt"/>
      <line num="66" count="0" type="stmt"/>
      <line num="68" count="0" type="cond" truecount="0" falsecount="6"/>
      <line num="69" count="0" type="stmt"/>
      <line num="72" count="0" type="cond" truecount="0" falsecount="8"/>
      <line num="73" count="0" type="stmt"/>
      <line num="75" count="0" type="cond" truecount="0" falsecount="4"/>
      <line num="76" count="0" type="cond" truecount="0" falsecount="4"/>
      <line num="80" count="0" type="cond" truecount="0" falsecount="2"/>
      <line num="81" count="0" type="stmt"/>
      <line num="84" count="0" type="stmt"/>
      <line num="87" count="8" type="stmt"/>
      <line num="88" count="5" type="stmt"/>
      <line num="89" count="5" type="stmt"/>
      <line num="91" count="5" type="stmt"/>
      <line num="93" count="5" type="cond" truecount="1" falsecount="1"/>
      <line num="94" count="0" type="stmt"/>
      <line num="97" count="5" type="stmt"/>
      <line num="99" count="5" type="cond" truecount="4" falsecount="2"/>
      <line num="100" count="5" type="stmt"/>
      <line num="103" count="5" type="cond" truecount="4" falsecount="2"/>
      <line num="104" count="0" type="stmt"/>
      <line num="105" count="0" type="cond" truecount="0" falsecount="4"/>
      <line num="109" count="8" type="stmt"/>
      <line num="111" count="2" type="stmt"/>
      <line num="112" count="2" type="stmt"/>
      <line num="114" count="2" type="cond" truecount="3" falsecount="1"/>
      <line num="115" count="2" type="stmt"/>
      <line num="117" count="2" type="cond" truecount="3" falsecount="2"/>
      <line num="118" count="2" type="stmt"/>
      <line num="119" count="2" type="cond" truecount="3" falsecount="1"/>
      <line num="121" count="2" type="cond" truecount="4" falsecount="2"/>
      <line num="122" count="2" type="stmt"/>
      <line num="125" count="0" type="stmt"/>
      <line num="129" count="2" type="stmt"/>
      <line num="134" count="8" type="stmt"/>
      <line num="144" count="6" type="cond" truecount="4" falsecount="1"/>
      <line num="145" count="6" type="stmt"/>
      <line num="153" count="6" type="stmt"/>
      <line num="159" count="6" type="stmt"/>
      <line num="162" count="6" type="stmt"/>
      <line num="167" count="8" type="stmt"/>
      <line num="175" count="6" type="cond" truecount="1" falsecount="1"/>
      <line num="176" count="6" type="stmt"/>
      <line num="184" count="6" type="stmt"/>
      <line num="190" count="8" type="stmt"/>
      <line num="191" count="3" type="stmt"/>
      <line num="192" count="3" type="cond" truecount="3" falsecount="1"/>
      <line num="194" count="3" type="cond" truecount="1" falsecount="1"/>
      <line num="196" count="3" type="stmt"/>
      <line num="197" count="6" type="cond" truecount="6" falsecount="2"/>
      <line num="199" count="6" type="cond" truecount="1" falsecount="1"/>
      <line num="200" count="6" type="cond" truecount="6" falsecount="2"/>
      <line num="201" count="12" type="cond" truecount="6" falsecount="2"/>
      <line num="202" count="12" type="cond" truecount="6" falsecount="2"/>
      <line num="204" count="12" type="cond" truecount="4" falsecount="0"/>
      <line num="205" count="6" type="stmt"/>
      <line num="207" count="6" type="stmt"/>
      <line num="217" count="6" type="cond" truecount="7" falsecount="3"/>
      <line num="218" count="6" type="cond" truecount="6" falsecount="2"/>
      <line num="220" count="6" type="cond" truecount="3" falsecount="1"/>
      <line num="221" count="6" type="stmt"/>
      <line num="234" count="3" type="stmt"/>
      <line num="244" count="8" type="stmt"/>
      <line num="245" count="3" type="stmt"/>
      <line num="246" count="3" type="stmt"/>
      <line num="249" count="8" type="cond" truecount="2" falsecount="0"/>
      <line num="260" count="1" type="stmt"/>
      <line num="261" count="0" type="stmt"/>
      <line num="270" count="1" type="stmt"/>
      <line num="271" count="0" type="stmt"/>
      <line num="278" count="1" type="stmt"/>
      <line num="279" count="0" type="stmt"/>
      <line num="282" count="1" type="stmt"/>
      <line num="284" count="1" type="stmt"/>
    </file>
    <file name="mechanism.ts" path="/home/javierlopez/Coding/react-against-the-machine/src/mechanism.ts">
      <metrics statements="51" coveredstatements="50" conditionals="149" coveredconditionals="117" methods="25" coveredmethods="24"/>
      <line num="45" count="2" type="stmt"/>
      <line num="46" count="2" type="stmt"/>
      <line num="50" count="7" type="stmt"/>
      <line num="54" count="8" type="stmt"/>
      <line num="58" count="11" type="stmt"/>
      <line num="62" count="0" type="stmt"/>
      <line num="66" count="22" type="stmt"/>
      <line num="68" count="22" type="cond" truecount="2" falsecount="0"/>
      <line num="69" count="11" type="stmt"/>
      <line num="72" count="11" type="cond" truecount="3" falsecount="1"/>
      <line num="76" count="2" type="cond" truecount="3" falsecount="1"/>
      <line num="77" count="2" type="stmt"/>
      <line num="81" count="44" type="cond" truecount="3" falsecount="1"/>
      <line num="85" count="9" type="cond" truecount="3" falsecount="1"/>
      <line num="87" count="13" type="cond" truecount="2" falsecount="0"/>
      <line num="88" count="8" type="cond" truecount="6" falsecount="2"/>
      <line num="91" count="13" type="stmt"/>
      <line num="95" count="9" type="stmt"/>
      <line num="99" count="3" type="stmt"/>
      <line num="101" count="3" type="cond" truecount="14" falsecount="3"/>
      <line num="102" count="2" type="stmt"/>
      <line num="105" count="1" type="stmt"/>
      <line num="109" count="8" type="cond" truecount="3" falsecount="1"/>
      <line num="111" count="12" type="cond" truecount="4" falsecount="0"/>
      <line num="112" count="7" type="stmt"/>
      <line num="115" count="12" type="stmt"/>
      <line num="119" count="8" type="stmt"/>
      <line num="123" count="3" type="stmt"/>
      <line num="125" count="3" type="cond" truecount="7" falsecount="1"/>
      <line num="126" count="2" type="stmt"/>
      <line num="129" count="1" type="stmt"/>
      <line num="135" count="2" type="cond" truecount="9" falsecount="3"/>
      <line num="136" count="2" type="cond" truecount="3" falsecount="1"/>
      <line num="137" count="4" type="cond" truecount="12" falsecount="4"/>
      <line num="138" count="4" type="stmt"/>
      <line num="139" count="10" type="cond" truecount="5" falsecount="1"/>
      <line num="140" count="5" type="cond" truecount="4" falsecount="2"/>
      <line num="141" count="5" type="stmt"/>
      <line num="149" count="2" type="stmt"/>
      <line num="155" count="2" type="cond" truecount="9" falsecount="3"/>
      <line num="156" count="2" type="cond" truecount="3" falsecount="1"/>
      <line num="157" count="4" type="cond" truecount="12" falsecount="4"/>
      <line num="158" count="4" type="stmt"/>
      <line num="159" count="10" type="cond" truecount="5" falsecount="1"/>
      <line num="160" count="5" type="stmt"/>
      <line num="167" count="2" type="stmt"/>
      <line num="171" count="2" type="cond" truecount="5" falsecount="1"/>
      <line num="175" count="13" type="stmt"/>
      <line num="176" count="13" type="stmt"/>
      <line num="180" count="2" type="stmt"/>
      <line num="182" count="2" type="stmt"/>
    </file>
  </project>
</coverage>
