{"/home/javierlopez/Coding/react-against-the-machine/src/bus.mock.ts": {"path":"/home/javierlopez/Coding/react-against-the-machine/src/bus.mock.ts","statementMap":{"0":{"start":{"line":11,"column":4},"end":{"line":11,"column":45}},"1":{"start":{"line":15,"column":21},"end":{"line":15,"column":48}},"2":{"start":{"line":17,"column":4},"end":{"line":21,"column":null}},"3":{"start":{"line":18,"column":6},"end":{"line":20,"column":9}},"4":{"start":{"line":19,"column":8},"end":{"line":19,"column":25}},"5":{"start":{"line":25,"column":4},"end":{"line":27,"column":null}},"6":{"start":{"line":26,"column":6},"end":{"line":26,"column":39}},"7":{"start":{"line":29,"column":4},"end":{"line":29,"column":46}},"8":{"start":{"line":33,"column":4},"end":{"line":33,"column":45}},"9":{"start":{"line":37,"column":0},"end":{"line":37,"column":23}},"10":{"start":{"line":39,"column":13},"end":{"line":39,"column":37}}},"fnMap":{"0":{"name":"(anonymous_0)","decl":{"start":{"line":10,"column":2},"end":{"line":10,"column":null}},"loc":{"start":{"line":10,"column":2},"end":{"line":12,"column":3}}},"1":{"name":"(anonymous_1)","decl":{"start":{"line":14,"column":9},"end":{"line":14,"column":16}},"loc":{"start":{"line":14,"column":47},"end":{"line":22,"column":3}}},"2":{"name":"(anonymous_2)","decl":{"start":{"line":18,"column":23},"end":{"line":18,"column":24}},"loc":{"start":{"line":18,"column":47},"end":{"line":20,"column":7}}},"3":{"name":"(anonymous_3)","decl":{"start":{"line":24,"column":9},"end":{"line":24,"column":18}},"loc":{"start":{"line":24,"column":55},"end":{"line":30,"column":3}}},"4":{"name":"(anonymous_4)","decl":{"start":{"line":32,"column":9},"end":{"line":32,"column":14}},"loc":{"start":{"line":32,"column":14},"end":{"line":34,"column":3}}}},"branchMap":{"0":{"loc":{"start":{"line":17,"column":4},"end":{"line":21,"column":null}},"type":"if","locations":[{"start":{"line":17,"column":4},"end":{"line":21,"column":null}},{"start":{"line":17,"column":4},"end":{"line":21,"column":null}}]},"1":{"loc":{"start":{"line":25,"column":4},"end":{"line":27,"column":null}},"type":"if","locations":[{"start":{"line":25,"column":4},"end":{"line":27,"column":null}},{"start":{"line":25,"column":4},"end":{"line":27,"column":null}}]},"2":{"loc":{"start":{"line":25,"column":12},"end":{"line":25,"column":14}},"type":"cond-expr","locations":[{"start":{"line":25,"column":12},"end":{"line":25,"column":14}},{"start":{"line":25,"column":8},"end":{"line":25,"column":36}}]},"3":{"loc":{"start":{"line":25,"column":8},"end":{"line":25,"column":14}},"type":"binary-expr","locations":[{"start":{"line":25,"column":8},"end":{"line":25,"column":14}},{"start":{"line":25,"column":8},"end":{"line":25,"column":14}}]}},"s":{"0":1,"1":2,"2":2,"3":2,"4":2,"5":6,"6":6,"7":6,"8":3,"9":1,"10":1},"f":{"0":1,"1":2,"2":2,"3":6,"4":3},"b":{"0":[2,0],"1":[6,0],"2":[0,6],"3":[6,6]}}
,"/home/javierlopez/Coding/react-against-the-machine/src/components.mock.tsx": {"path":"/home/javierlopez/Coding/react-against-the-machine/src/components.mock.tsx","statementMap":{"0":{"start":{"line":6,"column":2},"end":{"line":10,"column":4}},"1":{"start":{"line":5,"column":0},"end":{"line":5,"column":16}},"2":{"start":{"line":14,"column":2},"end":{"line":18,"column":4}},"3":{"start":{"line":13,"column":0},"end":{"line":13,"column":16}}},"fnMap":{"0":{"name":"ComponentA","decl":{"start":{"line":5,"column":16},"end":{"line":5,"column":26}},"loc":{"start":{"line":5,"column":50},"end":{"line":11,"column":1}}},"1":{"name":"ComponentB","decl":{"start":{"line":13,"column":16},"end":{"line":13,"column":26}},"loc":{"start":{"line":13,"column":50},"end":{"line":19,"column":1}}}},"branchMap":{"0":{"loc":{"start":{"line":7,"column":27},"end":{"line":7,"column":29}},"type":"cond-expr","locations":[{"start":{"line":7,"column":27},"end":{"line":7,"column":29}},{"start":{"line":7,"column":22},"end":{"line":7,"column":31}}]},"1":{"loc":{"start":{"line":7,"column":22},"end":{"line":7,"column":29}},"type":"binary-expr","locations":[{"start":{"line":7,"column":22},"end":{"line":7,"column":29}},{"start":{"line":7,"column":22},"end":{"line":7,"column":29}}]},"2":{"loc":{"start":{"line":15,"column":27},"end":{"line":15,"column":29}},"type":"cond-expr","locations":[{"start":{"line":15,"column":27},"end":{"line":15,"column":29}},{"start":{"line":15,"column":22},"end":{"line":15,"column":31}}]},"3":{"loc":{"start":{"line":15,"column":22},"end":{"line":15,"column":29}},"type":"binary-expr","locations":[{"start":{"line":15,"column":22},"end":{"line":15,"column":29}},{"start":{"line":15,"column":22},"end":{"line":15,"column":29}}]}},"s":{"0":2,"1":1,"2":2,"3":1},"f":{"0":2,"1":2},"b":{"0":[0,2],"1":[2,2],"2":[0,2],"3":[2,2]}}
,"/home/javierlopez/Coding/react-against-the-machine/src/index.tsx": {"path":"/home/javierlopez/Coding/react-against-the-machine/src/index.tsx","statementMap":{"0":{"start":{"line":1,"column":0},"end":{"line":1,"column":64}},"1":{"start":{"line":3,"column":0},"end":{"line":3,"column":26}},"2":{"start":{"line":4,"column":0},"end":{"line":4,"column":115}},"3":{"start":{"line":22,"column":45},"end":{"line":22,"column":50}},"4":{"start":{"line":23,"column":32},"end":{"line":23,"column":55}},"5":{"start":{"line":25,"column":28},"end":{"line":29,"column":8}},"6":{"start":{"line":26,"column":21},"end":{"line":26,"column":44}},"7":{"start":{"line":27,"column":26},"end":{"line":27,"column":45}},"8":{"start":{"line":28,"column":4},"end":{"line":28,"column":28}},"9":{"start":{"line":31,"column":25},"end":{"line":39,"column":25}},"10":{"start":{"line":32,"column":20},"end":{"line":32,"column":39}},"11":{"start":{"line":34,"column":4},"end":{"line":38,"column":null}},"12":{"start":{"line":35,"column":6},"end":{"line":35,"column":34}},"13":{"start":{"line":37,"column":6},"end":{"line":37,"column":24}},"14":{"start":{"line":41,"column":26},"end":{"line":43,"column":22}},"15":{"start":{"line":42,"column":4},"end":{"line":42,"column":21}},"16":{"start":{"line":45,"column":2},"end":{"line":45,"column":36}},"17":{"start":{"line":47,"column":26},"end":{"line":56,"column":45}},"18":{"start":{"line":48,"column":25},"end":{"line":48,"column":52}},"19":{"start":{"line":50,"column":4},"end":{"line":55,"column":null}},"20":{"start":{"line":51,"column":6},"end":{"line":51,"column":45}},"21":{"start":{"line":53,"column":22},"end":{"line":53,"column":41}},"22":{"start":{"line":54,"column":6},"end":{"line":54,"column":36}},"23":{"start":{"line":58,"column":39},"end":{"line":85,"column":17}},"24":{"start":{"line":59,"column":20},"end":{"line":59,"column":39}},"25":{"start":{"line":61,"column":4},"end":{"line":63,"column":null}},"26":{"start":{"line":62,"column":6},"end":{"line":62,"column":13}},"27":{"start":{"line":65,"column":18},"end":{"line":65,"column":45}},"28":{"start":{"line":66,"column":19},"end":{"line":66,"column":28}},"29":{"start":{"line":68,"column":4},"end":{"line":70,"column":null}},"30":{"start":{"line":69,"column":6},"end":{"line":69,"column":13}},"31":{"start":{"line":72,"column":4},"end":{"line":78,"column":7}},"32":{"start":{"line":73,"column":25},"end":{"line":73,"column":54}},"33":{"start":{"line":75,"column":6},"end":{"line":77,"column":null}},"34":{"start":{"line":76,"column":8},"end":{"line":76,"column":43}},"35":{"start":{"line":80,"column":4},"end":{"line":82,"column":null}},"36":{"start":{"line":81,"column":6},"end":{"line":81,"column":13}},"37":{"start":{"line":84,"column":4},"end":{"line":84,"column":18}},"38":{"start":{"line":87,"column":41},"end":{"line":107,"column":80}},"39":{"start":{"line":88,"column":4},"end":{"line":88,"column":21}},"40":{"start":{"line":89,"column":4},"end":{"line":89,"column":22}},"41":{"start":{"line":91,"column":22},"end":{"line":91,"column":41}},"42":{"start":{"line":93,"column":4},"end":{"line":95,"column":null}},"43":{"start":{"line":94,"column":6},"end":{"line":94,"column":13}},"44":{"start":{"line":97,"column":25},"end":{"line":97,"column":54}},"45":{"start":{"line":99,"column":4},"end":{"line":101,"column":null}},"46":{"start":{"line":100,"column":6},"end":{"line":100,"column":39}},"47":{"start":{"line":103,"column":4},"end":{"line":106,"column":null}},"48":{"start":{"line":104,"column":21},"end":{"line":104,"column":51}},"49":{"start":{"line":105,"column":6},"end":{"line":105,"column":36}},"50":{"start":{"line":109,"column":25},"end":{"line":131,"column":null}},"51":{"start":{"line":111,"column":25},"end":{"line":111,"column":64}},"52":{"start":{"line":112,"column":34},"end":{"line":112,"column":68}},"53":{"start":{"line":114,"column":6},"end":{"line":127,"column":null}},"54":{"start":{"line":115,"column":43},"end":{"line":115,"column":83}},"55":{"start":{"line":117,"column":8},"end":{"line":126,"column":null}},"56":{"start":{"line":118,"column":10},"end":{"line":118,"column":46}},"57":{"start":{"line":119,"column":10},"end":{"line":119,"column":56}},"58":{"start":{"line":121,"column":10},"end":{"line":123,"column":null}},"59":{"start":{"line":122,"column":12},"end":{"line":122,"column":37}},"60":{"start":{"line":125,"column":10},"end":{"line":125,"column":21}},"61":{"start":{"line":129,"column":6},"end":{"line":129,"column":39}},"62":{"start":{"line":134,"column":43},"end":{"line":164,"column":null}},"63":{"start":{"line":144,"column":6},"end":{"line":160,"column":null}},"64":{"start":{"line":145,"column":8},"end":{"line":151,"column":11}},"65":{"start":{"line":153,"column":18},"end":{"line":157,"column":30}},"66":{"start":{"line":159,"column":8},"end":{"line":159,"column":44}},"67":{"start":{"line":162,"column":6},"end":{"line":162,"column":13}},"68":{"start":{"line":167,"column":40},"end":{"line":187,"column":null}},"69":{"start":{"line":175,"column":6},"end":{"line":185,"column":null}},"70":{"start":{"line":176,"column":8},"end":{"line":182,"column":11}},"71":{"start":{"line":184,"column":8},"end":{"line":184,"column":47}},"72":{"start":{"line":190,"column":27},"end":{"line":242,"column":4}},"73":{"start":{"line":191,"column":28},"end":{"line":191,"column":36}},"74":{"start":{"line":192,"column":37},"end":{"line":192,"column":64}},"75":{"start":{"line":194,"column":4},"end":{"line":232,"column":null}},"76":{"start":{"line":196,"column":6},"end":{"line":231,"column":9}},"77":{"start":{"line":197,"column":43},"end":{"line":197,"column":81}},"78":{"start":{"line":199,"column":8},"end":{"line":230,"column":null}},"79":{"start":{"line":200,"column":10},"end":{"line":229,"column":13}},"80":{"start":{"line":201,"column":52},"end":{"line":201,"column":100}},"81":{"start":{"line":202,"column":49},"end":{"line":202,"column":94}},"82":{"start":{"line":204,"column":12},"end":{"line":228,"column":null}},"83":{"start":{"line":205,"column":42},"end":{"line":205,"column":61}},"84":{"start":{"line":207,"column":14},"end":{"line":215,"column":16}},"85":{"start":{"line":217,"column":14},"end":{"line":219,"column":null}},"86":{"start":{"line":218,"column":16},"end":{"line":218,"column":95}},"87":{"start":{"line":220,"column":19},"end":{"line":228,"column":null}},"88":{"start":{"line":221,"column":14},"end":{"line":227,"column":16}},"89":{"start":{"line":234,"column":4},"end":{"line":234,"column":37}},"90":{"start":{"line":244,"column":2},"end":{"line":247,"column":30}},"91":{"start":{"line":245,"column":4},"end":{"line":245,"column":16}},"92":{"start":{"line":246,"column":4},"end":{"line":246,"column":23}},"93":{"start":{"line":249,"column":2},"end":{"line":249,"column":41}},"94":{"start":{"line":21,"column":0},"end":{"line":21,"column":24}},"95":{"start":{"line":261,"column":2},"end":{"line":261,"column":25}},"96":{"start":{"line":260,"column":0},"end":{"line":260,"column":16}},"97":{"start":{"line":271,"column":2},"end":{"line":271,"column":14}},"98":{"start":{"line":270,"column":0},"end":{"line":270,"column":16}},"99":{"start":{"line":279,"column":2},"end":{"line":279,"column":25}},"100":{"start":{"line":278,"column":0},"end":{"line":278,"column":16}},"101":{"start":{"line":282,"column":0},"end":{"line":282,"column":9}},"102":{"start":{"line":282,"column":9},"end":{"line":282,"column":40}},"103":{"start":{"line":284,"column":0},"end":{"line":284,"column":9}},"104":{"start":{"line":284,"column":9},"end":{"line":284,"column":29}}},"fnMap":{"0":{"name":"Machine","decl":{"start":{"line":21,"column":24},"end":{"line":21,"column":31}},"loc":{"start":{"line":21,"column":57},"end":{"line":250,"column":1}}},"1":{"name":"(anonymous_2)","decl":{"start":{"line":25,"column":40},"end":{"line":25,"column":51}},"loc":{"start":{"line":25,"column":53},"end":{"line":29,"column":3}}},"2":{"name":"(anonymous_3)","decl":{"start":{"line":31,"column":37},"end":{"line":31,"column":40}},"loc":{"start":{"line":31,"column":42},"end":{"line":39,"column":3}}},"3":{"name":"(anonymous_4)","decl":{"start":{"line":41,"column":38},"end":{"line":41,"column":41}},"loc":{"start":{"line":41,"column":43},"end":{"line":43,"column":3}}},"4":{"name":"(anonymous_5)","decl":{"start":{"line":47,"column":38},"end":{"line":47,"column":41}},"loc":{"start":{"line":47,"column":43},"end":{"line":56,"column":3}}},"5":{"name":"(anonymous_6)","decl":{"start":{"line":58,"column":51},"end":{"line":58,"column":87}},"loc":{"start":{"line":58,"column":89},"end":{"line":85,"column":3}}},"6":{"name":"(anonymous_7)","decl":{"start":{"line":72,"column":27},"end":{"line":72,"column":28}},"loc":{"start":{"line":72,"column":49},"end":{"line":78,"column":5}}},"7":{"name":"(anonymous_8)","decl":{"start":{"line":87,"column":53},"end":{"line":87,"column":56}},"loc":{"start":{"line":87,"column":58},"end":{"line":107,"column":3}}},"8":{"name":"(anonymous_9)","decl":{"start":{"line":110,"column":4},"end":{"line":110,"column":5}},"loc":{"start":{"line":110,"column":46},"end":{"line":130,"column":5}}},"9":{"name":"(anonymous_10)","decl":{"start":{"line":135,"column":4},"end":{"line":135,"column":null}},"loc":{"start":{"line":143,"column":36},"end":{"line":163,"column":5}}},"10":{"name":"(anonymous_11)","decl":{"start":{"line":168,"column":4},"end":{"line":168,"column":null}},"loc":{"start":{"line":174,"column":8},"end":{"line":186,"column":5}}},"11":{"name":"(anonymous_12)","decl":{"start":{"line":190,"column":39},"end":{"line":190,"column":42}},"loc":{"start":{"line":190,"column":44},"end":{"line":235,"column":3}}},"12":{"name":"(anonymous_13)","decl":{"start":{"line":196,"column":26},"end":{"line":196,"column":27}},"loc":{"start":{"line":196,"column":78},"end":{"line":231,"column":7}}},"13":{"name":"(anonymous_14)","decl":{"start":{"line":200,"column":50},"end":{"line":200,"column":51}},"loc":{"start":{"line":200,"column":107},"end":{"line":229,"column":11}}},"14":{"name":"(anonymous_15)","decl":{"start":{"line":244,"column":12},"end":{"line":244,"column":15}},"loc":{"start":{"line":244,"column":17},"end":{"line":247,"column":3}}},"15":{"name":"State","decl":{"start":{"line":260,"column":16},"end":{"line":260,"column":21}},"loc":{"start":{"line":260,"column":47},"end":{"line":262,"column":1}}},"16":{"name":"Transition","decl":{"start":{"line":270,"column":16},"end":{"line":270,"column":26}},"loc":{"start":{"line":270,"column":56},"end":{"line":272,"column":1}}},"17":{"name":"Content","decl":{"start":{"line":278,"column":16},"end":{"line":278,"column":23}},"loc":{"start":{"line":278,"column":50},"end":{"line":280,"column":1}}},"18":{"name":"(anonymous_19)","decl":{"start":{"line":282,"column":9},"end":{"line":282,"column":18}},"loc":{"start":{"line":282,"column":9},"end":{"line":282,"column":40}}},"19":{"name":"(anonymous_20)","decl":{"start":{"line":284,"column":9},"end":{"line":284,"column":16}},"loc":{"start":{"line":284,"column":9},"end":{"line":284,"column":29}}}},"branchMap":{"0":{"loc":{"start":{"line":34,"column":4},"end":{"line":38,"column":null}},"type":"if","locations":[{"start":{"line":34,"column":4},"end":{"line":38,"column":null}},{"start":{"line":34,"column":4},"end":{"line":38,"column":null}}]},"1":{"loc":{"start":{"line":50,"column":4},"end":{"line":55,"column":null}},"type":"if","locations":[{"start":{"line":50,"column":4},"end":{"line":55,"column":null}},{"start":{"line":50,"column":4},"end":{"line":55,"column":null}}]},"2":{"loc":{"start":{"line":50,"column":8},"end":{"line":50,"column":27}},"type":"binary-expr","locations":[{"start":{"line":50,"column":8},"end":{"line":50,"column":27}},{"start":{"line":50,"column":31},"end":{"line":50,"column":71}}]},"3":{"loc":{"start":{"line":50,"column":65},"end":{"line":50,"column":67}},"type":"cond-expr","locations":[{"start":{"line":50,"column":65},"end":{"line":50,"column":67}},{"start":{"line":50,"column":53},"end":{"line":50,"column":69}}]},"4":{"loc":{"start":{"line":50,"column":53},"end":{"line":50,"column":67}},"type":"binary-expr","locations":[{"start":{"line":50,"column":53},"end":{"line":50,"column":67}},{"start":{"line":50,"column":53},"end":{"line":50,"column":67}}]},"5":{"loc":{"start":{"line":51,"column":40},"end":{"line":51,"column":42}},"type":"cond-expr","locations":[{"start":{"line":51,"column":40},"end":{"line":51,"column":42}},{"start":{"line":51,"column":28},"end":{"line":51,"column":44}}]},"6":{"loc":{"start":{"line":51,"column":28},"end":{"line":51,"column":42}},"type":"binary-expr","locations":[{"start":{"line":51,"column":28},"end":{"line":51,"column":42}},{"start":{"line":51,"column":28},"end":{"line":51,"column":42}}]},"7":{"loc":{"start":{"line":61,"column":4},"end":{"line":63,"column":null}},"type":"if","locations":[{"start":{"line":61,"column":4},"end":{"line":63,"column":null}},{"start":{"line":61,"column":4},"end":{"line":63,"column":null}}]},"8":{"loc":{"start":{"line":68,"column":4},"end":{"line":70,"column":null}},"type":"if","locations":[{"start":{"line":68,"column":4},"end":{"line":70,"column":null}},{"start":{"line":68,"column":4},"end":{"line":70,"column":null}}]},"9":{"loc":{"start":{"line":68,"column":14},"end":{"line":68,"column":16}},"type":"cond-expr","locations":[{"start":{"line":68,"column":14},"end":{"line":68,"column":16}},{"start":{"line":68,"column":9},"end":{"line":68,"column":22}}]},"10":{"loc":{"start":{"line":68,"column":9},"end":{"line":68,"column":16}},"type":"binary-expr","locations":[{"start":{"line":68,"column":9},"end":{"line":68,"column":16}},{"start":{"line":68,"column":9},"end":{"line":68,"column":16}}]},"11":{"loc":{"start":{"line":72,"column":17},"end":{"line":72,"column":19}},"type":"cond-expr","locations":[{"start":{"line":72,"column":17},"end":{"line":72,"column":19}},{"start":{"line":72,"column":17},"end":{"line":78,"column":6}}]},"12":{"loc":{"start":{"line":72,"column":4},"end":{"line":72,"column":19}},"type":"binary-expr","locations":[{"start":{"line":72,"column":4},"end":{"line":72,"column":19}},{"start":{"line":72,"column":17},"end":{"line":72,"column":19}}]},"13":{"loc":{"start":{"line":72,"column":9},"end":{"line":72,"column":11}},"type":"cond-expr","locations":[{"start":{"line":72,"column":9},"end":{"line":72,"column":11}},{"start":{"line":72,"column":4},"end":{"line":72,"column":17}}]},"14":{"loc":{"start":{"line":72,"column":4},"end":{"line":72,"column":11}},"type":"binary-expr","locations":[{"start":{"line":72,"column":4},"end":{"line":72,"column":11}},{"start":{"line":72,"column":4},"end":{"line":72,"column":11}}]},"15":{"loc":{"start":{"line":75,"column":6},"end":{"line":77,"column":null}},"type":"if","locations":[{"start":{"line":75,"column":6},"end":{"line":77,"column":null}},{"start":{"line":75,"column":6},"end":{"line":77,"column":null}}]},"16":{"loc":{"start":{"line":75,"column":10},"end":{"line":75,"column":19}},"type":"binary-expr","locations":[{"start":{"line":75,"column":10},"end":{"line":75,"column":19}},{"start":{"line":75,"column":23},"end":{"line":75,"column":33}}]},"17":{"loc":{"start":{"line":76,"column":14},"end":{"line":76,"column":16}},"type":"cond-expr","locations":[{"start":{"line":76,"column":14},"end":{"line":76,"column":16}},{"start":{"line":76,"column":8},"end":{"line":76,"column":42}}]},"18":{"loc":{"start":{"line":76,"column":8},"end":{"line":76,"column":16}},"type":"binary-expr","locations":[{"start":{"line":76,"column":8},"end":{"line":76,"column":16}},{"start":{"line":76,"column":8},"end":{"line":76,"column":16}}]},"19":{"loc":{"start":{"line":80,"column":4},"end":{"line":82,"column":null}},"type":"if","locations":[{"start":{"line":80,"column":4},"end":{"line":82,"column":null}},{"start":{"line":80,"column":4},"end":{"line":82,"column":null}}]},"20":{"loc":{"start":{"line":93,"column":4},"end":{"line":95,"column":null}},"type":"if","locations":[{"start":{"line":93,"column":4},"end":{"line":95,"column":null}},{"start":{"line":93,"column":4},"end":{"line":95,"column":null}}]},"21":{"loc":{"start":{"line":99,"column":4},"end":{"line":101,"column":null}},"type":"if","locations":[{"start":{"line":99,"column":4},"end":{"line":101,"column":null}},{"start":{"line":99,"column":4},"end":{"line":101,"column":null}}]},"22":{"loc":{"start":{"line":99,"column":20},"end":{"line":99,"column":22}},"type":"cond-expr","locations":[{"start":{"line":99,"column":20},"end":{"line":99,"column":22}},{"start":{"line":99,"column":8},"end":{"line":99,"column":29}}]},"23":{"loc":{"start":{"line":99,"column":8},"end":{"line":99,"column":22}},"type":"binary-expr","locations":[{"start":{"line":99,"column":8},"end":{"line":99,"column":22}},{"start":{"line":99,"column":8},"end":{"line":99,"column":22}}]},"24":{"loc":{"start":{"line":103,"column":4},"end":{"line":106,"column":null}},"type":"if","locations":[{"start":{"line":103,"column":4},"end":{"line":106,"column":null}},{"start":{"line":103,"column":4},"end":{"line":106,"column":null}}]},"25":{"loc":{"start":{"line":103,"column":20},"end":{"line":103,"column":22}},"type":"cond-expr","locations":[{"start":{"line":103,"column":20},"end":{"line":103,"column":22}},{"start":{"line":103,"column":8},"end":{"line":103,"column":29}}]},"26":{"loc":{"start":{"line":103,"column":8},"end":{"line":103,"column":22}},"type":"binary-expr","locations":[{"start":{"line":103,"column":8},"end":{"line":103,"column":22}},{"start":{"line":103,"column":8},"end":{"line":103,"column":22}}]},"27":{"loc":{"start":{"line":105,"column":18},"end":{"line":105,"column":20}},"type":"cond-expr","locations":[{"start":{"line":105,"column":18},"end":{"line":105,"column":20}},{"start":{"line":105,"column":6},"end":{"line":105,"column":35}}]},"28":{"loc":{"start":{"line":105,"column":6},"end":{"line":105,"column":20}},"type":"binary-expr","locations":[{"start":{"line":105,"column":6},"end":{"line":105,"column":20}},{"start":{"line":105,"column":6},"end":{"line":105,"column":20}}]},"29":{"loc":{"start":{"line":114,"column":6},"end":{"line":127,"column":null}},"type":"if","locations":[{"start":{"line":114,"column":6},"end":{"line":127,"column":null}},{"start":{"line":114,"column":6},"end":{"line":127,"column":null}}]},"30":{"loc":{"start":{"line":114,"column":10},"end":{"line":114,"column":29}},"type":"binary-expr","locations":[{"start":{"line":114,"column":10},"end":{"line":114,"column":29}},{"start":{"line":114,"column":33},"end":{"line":114,"column":43}}]},"31":{"loc":{"start":{"line":117,"column":8},"end":{"line":126,"column":null}},"type":"if","locations":[{"start":{"line":117,"column":8},"end":{"line":126,"column":null}},{"start":{"line":117,"column":8},"end":{"line":126,"column":null}}]},"32":{"loc":{"start":{"line":117,"column":13},"end":{"line":117,"column":39}},"type":"binary-expr","locations":[{"start":{"line":117,"column":13},"end":{"line":117,"column":39}},{"start":{"line":117,"column":43},"end":{"line":117,"column":49}},{"start":{"line":117,"column":54},"end":{"line":117,"column":81}}]},"33":{"loc":{"start":{"line":119,"column":51},"end":{"line":119,"column":53}},"type":"cond-expr","locations":[{"start":{"line":119,"column":51},"end":{"line":119,"column":53}},{"start":{"line":119,"column":32},"end":{"line":119,"column":55}}]},"34":{"loc":{"start":{"line":119,"column":32},"end":{"line":119,"column":53}},"type":"binary-expr","locations":[{"start":{"line":119,"column":32},"end":{"line":119,"column":53}},{"start":{"line":119,"column":32},"end":{"line":119,"column":53}}]},"35":{"loc":{"start":{"line":121,"column":10},"end":{"line":123,"column":null}},"type":"if","locations":[{"start":{"line":121,"column":10},"end":{"line":123,"column":null}},{"start":{"line":121,"column":10},"end":{"line":123,"column":null}}]},"36":{"loc":{"start":{"line":121,"column":24},"end":{"line":121,"column":26}},"type":"cond-expr","locations":[{"start":{"line":121,"column":24},"end":{"line":121,"column":26}},{"start":{"line":121,"column":14},"end":{"line":121,"column":33}}]},"37":{"loc":{"start":{"line":121,"column":14},"end":{"line":121,"column":26}},"type":"binary-expr","locations":[{"start":{"line":121,"column":14},"end":{"line":121,"column":26}},{"start":{"line":121,"column":14},"end":{"line":121,"column":26}}]},"38":{"loc":{"start":{"line":144,"column":6},"end":{"line":160,"column":null}},"type":"if","locations":[{"start":{"line":144,"column":6},"end":{"line":160,"column":null}},{"start":{"line":144,"column":6},"end":{"line":160,"column":null}}]},"39":{"loc":{"start":{"line":144,"column":10},"end":{"line":144,"column":17}},"type":"binary-expr","locations":[{"start":{"line":144,"column":10},"end":{"line":144,"column":17}},{"start":{"line":144,"column":21},"end":{"line":144,"column":26}},{"start":{"line":144,"column":30},"end":{"line":144,"column":39}}]},"40":{"loc":{"start":{"line":175,"column":6},"end":{"line":185,"column":null}},"type":"if","locations":[{"start":{"line":175,"column":6},"end":{"line":185,"column":null}},{"start":{"line":175,"column":6},"end":{"line":185,"column":null}}]},"41":{"loc":{"start":{"line":192,"column":52},"end":{"line":192,"column":54}},"type":"cond-expr","locations":[{"start":{"line":192,"column":52},"end":{"line":192,"column":54}},{"start":{"line":192,"column":37},"end":{"line":192,"column":60}}]},"42":{"loc":{"start":{"line":192,"column":37},"end":{"line":192,"column":54}},"type":"binary-expr","locations":[{"start":{"line":192,"column":37},"end":{"line":192,"column":54}},{"start":{"line":192,"column":37},"end":{"line":192,"column":54}}]},"43":{"loc":{"start":{"line":194,"column":4},"end":{"line":232,"column":null}},"type":"if","locations":[{"start":{"line":194,"column":4},"end":{"line":232,"column":null}},{"start":{"line":194,"column":4},"end":{"line":232,"column":null}}]},"44":{"loc":{"start":{"line":197,"column":63},"end":{"line":197,"column":65}},"type":"cond-expr","locations":[{"start":{"line":197,"column":63},"end":{"line":197,"column":65}},{"start":{"line":197,"column":63},"end":{"line":197,"column":69}}]},"45":{"loc":{"start":{"line":197,"column":43},"end":{"line":197,"column":65}},"type":"binary-expr","locations":[{"start":{"line":197,"column":43},"end":{"line":197,"column":65}},{"start":{"line":197,"column":63},"end":{"line":197,"column":65}}]},"46":{"loc":{"start":{"line":197,"column":57},"end":{"line":197,"column":59}},"type":"cond-expr","locations":[{"start":{"line":197,"column":57},"end":{"line":197,"column":59}},{"start":{"line":197,"column":43},"end":{"line":197,"column":63}}]},"47":{"loc":{"start":{"line":197,"column":43},"end":{"line":197,"column":59}},"type":"binary-expr","locations":[{"start":{"line":197,"column":43},"end":{"line":197,"column":59}},{"start":{"line":197,"column":43},"end":{"line":197,"column":59}}]},"48":{"loc":{"start":{"line":199,"column":8},"end":{"line":230,"column":null}},"type":"if","locations":[{"start":{"line":199,"column":8},"end":{"line":230,"column":null}},{"start":{"line":199,"column":8},"end":{"line":230,"column":null}}]},"49":{"loc":{"start":{"line":200,"column":31},"end":{"line":200,"column":33}},"type":"cond-expr","locations":[{"start":{"line":200,"column":31},"end":{"line":200,"column":33}},{"start":{"line":200,"column":31},"end":{"line":229,"column":12}}]},"50":{"loc":{"start":{"line":200,"column":10},"end":{"line":200,"column":33}},"type":"binary-expr","locations":[{"start":{"line":200,"column":10},"end":{"line":200,"column":33}},{"start":{"line":200,"column":31},"end":{"line":200,"column":33}}]},"51":{"loc":{"start":{"line":200,"column":24},"end":{"line":200,"column":26}},"type":"cond-expr","locations":[{"start":{"line":200,"column":24},"end":{"line":200,"column":26}},{"start":{"line":200,"column":10},"end":{"line":200,"column":31}}]},"52":{"loc":{"start":{"line":200,"column":10},"end":{"line":200,"column":26}},"type":"binary-expr","locations":[{"start":{"line":200,"column":10},"end":{"line":200,"column":26}},{"start":{"line":200,"column":10},"end":{"line":200,"column":26}}]},"53":{"loc":{"start":{"line":201,"column":77},"end":{"line":201,"column":79}},"type":"cond-expr","locations":[{"start":{"line":201,"column":77},"end":{"line":201,"column":79}},{"start":{"line":201,"column":77},"end":{"line":201,"column":83}}]},"54":{"loc":{"start":{"line":201,"column":52},"end":{"line":201,"column":79}},"type":"binary-expr","locations":[{"start":{"line":201,"column":52},"end":{"line":201,"column":79}},{"start":{"line":201,"column":77},"end":{"line":201,"column":79}}]},"55":{"loc":{"start":{"line":201,"column":71},"end":{"line":201,"column":73}},"type":"cond-expr","locations":[{"start":{"line":201,"column":71},"end":{"line":201,"column":73}},{"start":{"line":201,"column":52},"end":{"line":201,"column":77}}]},"56":{"loc":{"start":{"line":201,"column":52},"end":{"line":201,"column":73}},"type":"binary-expr","locations":[{"start":{"line":201,"column":52},"end":{"line":201,"column":73}},{"start":{"line":201,"column":52},"end":{"line":201,"column":73}}]},"57":{"loc":{"start":{"line":202,"column":74},"end":{"line":202,"column":76}},"type":"cond-expr","locations":[{"start":{"line":202,"column":74},"end":{"line":202,"column":76}},{"start":{"line":202,"column":74},"end":{"line":202,"column":80}}]},"58":{"loc":{"start":{"line":202,"column":49},"end":{"line":202,"column":76}},"type":"binary-expr","locations":[{"start":{"line":202,"column":49},"end":{"line":202,"column":76}},{"start":{"line":202,"column":74},"end":{"line":202,"column":76}}]},"59":{"loc":{"start":{"line":202,"column":68},"end":{"line":202,"column":70}},"type":"cond-expr","locations":[{"start":{"line":202,"column":68},"end":{"line":202,"column":70}},{"start":{"line":202,"column":49},"end":{"line":202,"column":74}}]},"60":{"loc":{"start":{"line":202,"column":49},"end":{"line":202,"column":70}},"type":"binary-expr","locations":[{"start":{"line":202,"column":49},"end":{"line":202,"column":70}},{"start":{"line":202,"column":49},"end":{"line":202,"column":70}}]},"61":{"loc":{"start":{"line":204,"column":12},"end":{"line":228,"column":null}},"type":"if","locations":[{"start":{"line":204,"column":12},"end":{"line":228,"column":null}},{"start":{"line":204,"column":12},"end":{"line":228,"column":null}}]},"62":{"loc":{"start":{"line":204,"column":16},"end":{"line":204,"column":47}},"type":"binary-expr","locations":[{"start":{"line":204,"column":16},"end":{"line":204,"column":47}},{"start":{"line":204,"column":51},"end":{"line":204,"column":80}}]},"63":{"loc":{"start":{"line":208,"column":37},"end":{"line":208,"column":39}},"type":"cond-expr","locations":[{"start":{"line":208,"column":37},"end":{"line":208,"column":39}},{"start":{"line":208,"column":37},"end":{"line":208,"column":41}}]},"64":{"loc":{"start":{"line":208,"column":16},"end":{"line":208,"column":39}},"type":"binary-expr","locations":[{"start":{"line":208,"column":16},"end":{"line":208,"column":39}},{"start":{"line":208,"column":37},"end":{"line":208,"column":39}}]},"65":{"loc":{"start":{"line":208,"column":30},"end":{"line":208,"column":32}},"type":"cond-expr","locations":[{"start":{"line":208,"column":30},"end":{"line":208,"column":32}},{"start":{"line":208,"column":16},"end":{"line":208,"column":37}}]},"66":{"loc":{"start":{"line":208,"column":16},"end":{"line":208,"column":32}},"type":"binary-expr","locations":[{"start":{"line":208,"column":16},"end":{"line":208,"column":32}},{"start":{"line":208,"column":16},"end":{"line":208,"column":32}}]},"67":{"loc":{"start":{"line":209,"column":37},"end":{"line":209,"column":39}},"type":"cond-expr","locations":[{"start":{"line":209,"column":37},"end":{"line":209,"column":39}},{"start":{"line":209,"column":37},"end":{"line":209,"column":46}}]},"68":{"loc":{"start":{"line":209,"column":16},"end":{"line":209,"column":39}},"type":"binary-expr","locations":[{"start":{"line":209,"column":16},"end":{"line":209,"column":39}},{"start":{"line":209,"column":37},"end":{"line":209,"column":39}}]},"69":{"loc":{"start":{"line":209,"column":30},"end":{"line":209,"column":32}},"type":"cond-expr","locations":[{"start":{"line":209,"column":30},"end":{"line":209,"column":32}},{"start":{"line":209,"column":16},"end":{"line":209,"column":37}}]},"70":{"loc":{"start":{"line":209,"column":16},"end":{"line":209,"column":32}},"type":"binary-expr","locations":[{"start":{"line":209,"column":16},"end":{"line":209,"column":32}},{"start":{"line":209,"column":16},"end":{"line":209,"column":32}}]},"71":{"loc":{"start":{"line":210,"column":37},"end":{"line":210,"column":39}},"type":"cond-expr","locations":[{"start":{"line":210,"column":37},"end":{"line":210,"column":39}},{"start":{"line":210,"column":37},"end":{"line":210,"column":45}}]},"72":{"loc":{"start":{"line":210,"column":16},"end":{"line":210,"column":39}},"type":"binary-expr","locations":[{"start":{"line":210,"column":16},"end":{"line":210,"column":39}},{"start":{"line":210,"column":37},"end":{"line":210,"column":39}}]},"73":{"loc":{"start":{"line":210,"column":30},"end":{"line":210,"column":32}},"type":"cond-expr","locations":[{"start":{"line":210,"column":30},"end":{"line":210,"column":32}},{"start":{"line":210,"column":16},"end":{"line":210,"column":37}}]},"74":{"loc":{"start":{"line":210,"column":16},"end":{"line":210,"column":32}},"type":"binary-expr","locations":[{"start":{"line":210,"column":16},"end":{"line":210,"column":32}},{"start":{"line":210,"column":16},"end":{"line":210,"column":32}}]},"75":{"loc":{"start":{"line":211,"column":37},"end":{"line":211,"column":39}},"type":"cond-expr","locations":[{"start":{"line":211,"column":37},"end":{"line":211,"column":39}},{"start":{"line":211,"column":37},"end":{"line":211,"column":46}}]},"76":{"loc":{"start":{"line":211,"column":16},"end":{"line":211,"column":39}},"type":"binary-expr","locations":[{"start":{"line":211,"column":16},"end":{"line":211,"column":39}},{"start":{"line":211,"column":37},"end":{"line":211,"column":39}}]},"77":{"loc":{"start":{"line":211,"column":30},"end":{"line":211,"column":32}},"type":"cond-expr","locations":[{"start":{"line":211,"column":30},"end":{"line":211,"column":32}},{"start":{"line":211,"column":16},"end":{"line":211,"column":37}}]},"78":{"loc":{"start":{"line":211,"column":16},"end":{"line":211,"column":32}},"type":"binary-expr","locations":[{"start":{"line":211,"column":16},"end":{"line":211,"column":32}},{"start":{"line":211,"column":16},"end":{"line":211,"column":32}}]},"79":{"loc":{"start":{"line":212,"column":42},"end":{"line":212,"column":44}},"type":"cond-expr","locations":[{"start":{"line":212,"column":42},"end":{"line":212,"column":44}},{"start":{"line":212,"column":42},"end":{"line":212,"column":49}}]},"80":{"loc":{"start":{"line":212,"column":16},"end":{"line":212,"column":44}},"type":"binary-expr","locations":[{"start":{"line":212,"column":16},"end":{"line":212,"column":44}},{"start":{"line":212,"column":42},"end":{"line":212,"column":44}}]},"81":{"loc":{"start":{"line":212,"column":35},"end":{"line":212,"column":37}},"type":"cond-expr","locations":[{"start":{"line":212,"column":35},"end":{"line":212,"column":37}},{"start":{"line":212,"column":16},"end":{"line":212,"column":42}}]},"82":{"loc":{"start":{"line":212,"column":16},"end":{"line":212,"column":37}},"type":"binary-expr","locations":[{"start":{"line":212,"column":16},"end":{"line":212,"column":37}},{"start":{"line":212,"column":16},"end":{"line":212,"column":37}}]},"83":{"loc":{"start":{"line":213,"column":42},"end":{"line":213,"column":44}},"type":"cond-expr","locations":[{"start":{"line":213,"column":42},"end":{"line":213,"column":44}},{"start":{"line":213,"column":42},"end":{"line":213,"column":49}}]},"84":{"loc":{"start":{"line":213,"column":16},"end":{"line":213,"column":44}},"type":"binary-expr","locations":[{"start":{"line":213,"column":16},"end":{"line":213,"column":44}},{"start":{"line":213,"column":42},"end":{"line":213,"column":44}}]},"85":{"loc":{"start":{"line":213,"column":35},"end":{"line":213,"column":37}},"type":"cond-expr","locations":[{"start":{"line":213,"column":35},"end":{"line":213,"column":37}},{"start":{"line":213,"column":16},"end":{"line":213,"column":42}}]},"86":{"loc":{"start":{"line":213,"column":16},"end":{"line":213,"column":37}},"type":"binary-expr","locations":[{"start":{"line":213,"column":16},"end":{"line":213,"column":37}},{"start":{"line":213,"column":16},"end":{"line":213,"column":37}}]},"87":{"loc":{"start":{"line":214,"column":42},"end":{"line":214,"column":44}},"type":"cond-expr","locations":[{"start":{"line":214,"column":42},"end":{"line":214,"column":44}},{"start":{"line":214,"column":42},"end":{"line":214,"column":51}}]},"88":{"loc":{"start":{"line":214,"column":16},"end":{"line":214,"column":44}},"type":"binary-expr","locations":[{"start":{"line":214,"column":16},"end":{"line":214,"column":44}},{"start":{"line":214,"column":42},"end":{"line":214,"column":44}}]},"89":{"loc":{"start":{"line":214,"column":35},"end":{"line":214,"column":37}},"type":"cond-expr","locations":[{"start":{"line":214,"column":35},"end":{"line":214,"column":37}},{"start":{"line":214,"column":16},"end":{"line":214,"column":42}}]},"90":{"loc":{"start":{"line":214,"column":16},"end":{"line":214,"column":37}},"type":"binary-expr","locations":[{"start":{"line":214,"column":16},"end":{"line":214,"column":37}},{"start":{"line":214,"column":16},"end":{"line":214,"column":37}}]},"91":{"loc":{"start":{"line":217,"column":14},"end":{"line":219,"column":null}},"type":"if","locations":[{"start":{"line":217,"column":14},"end":{"line":219,"column":null}},{"start":{"line":217,"column":14},"end":{"line":219,"column":null}}]},"92":{"loc":{"start":{"line":217,"column":44},"end":{"line":217,"column":46}},"type":"cond-expr","locations":[{"start":{"line":217,"column":44},"end":{"line":217,"column":46}},{"start":{"line":217,"column":44},"end":{"line":217,"column":51}}]},"93":{"loc":{"start":{"line":217,"column":18},"end":{"line":217,"column":46}},"type":"binary-expr","locations":[{"start":{"line":217,"column":18},"end":{"line":217,"column":46}},{"start":{"line":217,"column":44},"end":{"line":217,"column":46}}]},"94":{"loc":{"start":{"line":217,"column":37},"end":{"line":217,"column":39}},"type":"cond-expr","locations":[{"start":{"line":217,"column":37},"end":{"line":217,"column":39}},{"start":{"line":217,"column":18},"end":{"line":217,"column":44}}]},"95":{"loc":{"start":{"line":217,"column":18},"end":{"line":217,"column":39}},"type":"binary-expr","locations":[{"start":{"line":217,"column":18},"end":{"line":217,"column":39}},{"start":{"line":217,"column":18},"end":{"line":217,"column":39}}]},"96":{"loc":{"start":{"line":218,"column":56},"end":{"line":218,"column":58}},"type":"cond-expr","locations":[{"start":{"line":218,"column":56},"end":{"line":218,"column":58}},{"start":{"line":218,"column":56},"end":{"line":218,"column":63}}]},"97":{"loc":{"start":{"line":218,"column":30},"end":{"line":218,"column":58}},"type":"binary-expr","locations":[{"start":{"line":218,"column":30},"end":{"line":218,"column":58}},{"start":{"line":218,"column":56},"end":{"line":218,"column":58}}]},"98":{"loc":{"start":{"line":218,"column":49},"end":{"line":218,"column":51}},"type":"cond-expr","locations":[{"start":{"line":218,"column":49},"end":{"line":218,"column":51}},{"start":{"line":218,"column":30},"end":{"line":218,"column":56}}]},"99":{"loc":{"start":{"line":218,"column":30},"end":{"line":218,"column":51}},"type":"binary-expr","locations":[{"start":{"line":218,"column":30},"end":{"line":218,"column":51}},{"start":{"line":218,"column":30},"end":{"line":218,"column":51}}]},"100":{"loc":{"start":{"line":220,"column":19},"end":{"line":228,"column":null}},"type":"if","locations":[{"start":{"line":220,"column":19},"end":{"line":228,"column":null}},{"start":{"line":220,"column":19},"end":{"line":228,"column":null}}]},"101":{"loc":{"start":{"line":220,"column":23},"end":{"line":220,"column":55}},"type":"binary-expr","locations":[{"start":{"line":220,"column":23},"end":{"line":220,"column":55}},{"start":{"line":220,"column":59},"end":{"line":220,"column":87}}]},"102":{"loc":{"start":{"line":222,"column":37},"end":{"line":222,"column":39}},"type":"cond-expr","locations":[{"start":{"line":222,"column":37},"end":{"line":222,"column":39}},{"start":{"line":222,"column":37},"end":{"line":222,"column":41}}]},"103":{"loc":{"start":{"line":222,"column":16},"end":{"line":222,"column":39}},"type":"binary-expr","locations":[{"start":{"line":222,"column":16},"end":{"line":222,"column":39}},{"start":{"line":222,"column":37},"end":{"line":222,"column":39}}]},"104":{"loc":{"start":{"line":222,"column":30},"end":{"line":222,"column":32}},"type":"cond-expr","locations":[{"start":{"line":222,"column":30},"end":{"line":222,"column":32}},{"start":{"line":222,"column":16},"end":{"line":222,"column":37}}]},"105":{"loc":{"start":{"line":222,"column":16},"end":{"line":222,"column":32}},"type":"binary-expr","locations":[{"start":{"line":222,"column":16},"end":{"line":222,"column":32}},{"start":{"line":222,"column":16},"end":{"line":222,"column":32}}]},"106":{"loc":{"start":{"line":223,"column":37},"end":{"line":223,"column":39}},"type":"cond-expr","locations":[{"start":{"line":223,"column":37},"end":{"line":223,"column":39}},{"start":{"line":223,"column":37},"end":{"line":223,"column":46}}]},"107":{"loc":{"start":{"line":223,"column":16},"end":{"line":223,"column":39}},"type":"binary-expr","locations":[{"start":{"line":223,"column":16},"end":{"line":223,"column":39}},{"start":{"line":223,"column":37},"end":{"line":223,"column":39}}]},"108":{"loc":{"start":{"line":223,"column":30},"end":{"line":223,"column":32}},"type":"cond-expr","locations":[{"start":{"line":223,"column":30},"end":{"line":223,"column":32}},{"start":{"line":223,"column":16},"end":{"line":223,"column":37}}]},"109":{"loc":{"start":{"line":223,"column":16},"end":{"line":223,"column":32}},"type":"binary-expr","locations":[{"start":{"line":223,"column":16},"end":{"line":223,"column":32}},{"start":{"line":223,"column":16},"end":{"line":223,"column":32}}]},"110":{"loc":{"start":{"line":224,"column":37},"end":{"line":224,"column":39}},"type":"cond-expr","locations":[{"start":{"line":224,"column":37},"end":{"line":224,"column":39}},{"start":{"line":224,"column":37},"end":{"line":224,"column":45}}]},"111":{"loc":{"start":{"line":224,"column":16},"end":{"line":224,"column":39}},"type":"binary-expr","locations":[{"start":{"line":224,"column":16},"end":{"line":224,"column":39}},{"start":{"line":224,"column":37},"end":{"line":224,"column":39}}]},"112":{"loc":{"start":{"line":224,"column":30},"end":{"line":224,"column":32}},"type":"cond-expr","locations":[{"start":{"line":224,"column":30},"end":{"line":224,"column":32}},{"start":{"line":224,"column":16},"end":{"line":224,"column":37}}]},"113":{"loc":{"start":{"line":224,"column":16},"end":{"line":224,"column":32}},"type":"binary-expr","locations":[{"start":{"line":224,"column":16},"end":{"line":224,"column":32}},{"start":{"line":224,"column":16},"end":{"line":224,"column":32}}]},"114":{"loc":{"start":{"line":225,"column":37},"end":{"line":225,"column":39}},"type":"cond-expr","locations":[{"start":{"line":225,"column":37},"end":{"line":225,"column":39}},{"start":{"line":225,"column":37},"end":{"line":225,"column":46}}]},"115":{"loc":{"start":{"line":225,"column":16},"end":{"line":225,"column":39}},"type":"binary-expr","locations":[{"start":{"line":225,"column":16},"end":{"line":225,"column":39}},{"start":{"line":225,"column":37},"end":{"line":225,"column":39}}]},"116":{"loc":{"start":{"line":225,"column":30},"end":{"line":225,"column":32}},"type":"cond-expr","locations":[{"start":{"line":225,"column":30},"end":{"line":225,"column":32}},{"start":{"line":225,"column":16},"end":{"line":225,"column":37}}]},"117":{"loc":{"start":{"line":225,"column":16},"end":{"line":225,"column":32}},"type":"binary-expr","locations":[{"start":{"line":225,"column":16},"end":{"line":225,"column":32}},{"start":{"line":225,"column":16},"end":{"line":225,"column":32}}]},"118":{"loc":{"start":{"line":249,"column":22},"end":{"line":249,"column":29}},"type":"cond-expr","locations":[{"start":{"line":249,"column":22},"end":{"line":249,"column":29}},{"start":{"line":249,"column":32},"end":{"line":249,"column":36}}]}},"s":{"0":1,"1":1,"2":1,"3":8,"4":8,"5":8,"6":8,"7":8,"8":8,"9":8,"10":5,"11":5,"12":3,"13":2,"14":8,"15":0,"16":8,"17":8,"18":5,"19":5,"20":2,"21":3,"22":3,"23":8,"24":0,"25":0,"26":0,"27":0,"28":0,"29":0,"30":0,"31":0,"32":0,"33":0,"34":0,"35":0,"36":0,"37":0,"38":8,"39":5,"40":5,"41":5,"42":5,"43":0,"44":5,"45":5,"46":5,"47":5,"48":0,"49":0,"50":8,"51":2,"52":2,"53":2,"54":2,"55":2,"56":2,"57":2,"58":2,"59":2,"60":0,"61":2,"62":8,"63":6,"64":6,"65":6,"66":6,"67":6,"68":8,"69":6,"70":6,"71":6,"72":8,"73":3,"74":3,"75":3,"76":3,"77":6,"78":6,"79":6,"80":12,"81":12,"82":12,"83":6,"84":6,"85":6,"86":6,"87":6,"88":6,"89":3,"90":8,"91":3,"92":3,"93":8,"94":1,"95":0,"96":1,"97":0,"98":1,"99":0,"100":1,"101":1,"102":1,"103":1,"104":1},"f":{"0":8,"1":8,"2":5,"3":0,"4":5,"5":0,"6":0,"7":5,"8":2,"9":6,"10":6,"11":3,"12":6,"13":12,"14":3,"15":0,"16":0,"17":0,"18":0,"19":0},"b":{"0":[3,2],"1":[2,3],"2":[5,3],"3":[0,3],"4":[3,3],"5":[0,2],"6":[2,2],"7":[0,0],"8":[0,0],"9":[0,0],"10":[0,0],"11":[0,0],"12":[0,0],"13":[0,0],"14":[0,0],"15":[0,0],"16":[0,0],"17":[0,0],"18":[0,0],"19":[0,0],"20":[0,5],"21":[5,0],"22":[0,5],"23":[5,5],"24":[0,5],"25":[0,5],"26":[5,5],"27":[0,0],"28":[0,0],"29":[2,0],"30":[2,2],"31":[2,0],"32":[2,0,2],"33":[0,2],"34":[2,2],"35":[2,0],"36":[0,2],"37":[2,2],"38":[6,0],"39":[6,6,6],"40":[6,0],"41":[0,3],"42":[3,3],"43":[3,0],"44":[0,6],"45":[6,6],"46":[0,6],"47":[6,6],"48":[6,0],"49":[0,6],"50":[6,6],"51":[0,6],"52":[6,6],"53":[0,12],"54":[12,12],"55":[0,12],"56":[12,12],"57":[0,12],"58":[12,12],"59":[0,12],"60":[12,12],"61":[6,6],"62":[12,6],"63":[0,6],"64":[6,6],"65":[0,6],"66":[6,6],"67":[0,6],"68":[6,6],"69":[0,6],"70":[6,6],"71":[0,6],"72":[6,6],"73":[0,6],"74":[6,6],"75":[0,6],"76":[6,6],"77":[0,6],"78":[6,6],"79":[0,6],"80":[6,6],"81":[0,6],"82":[6,6],"83":[0,6],"84":[6,6],"85":[0,6],"86":[6,6],"87":[0,6],"88":[6,6],"89":[0,6],"90":[6,6],"91":[6,0],"92":[0,6],"93":[6,6],"94":[0,6],"95":[6,6],"96":[0,6],"97":[6,6],"98":[0,6],"99":[6,6],"100":[6,0],"101":[6,6],"102":[0,6],"103":[6,6],"104":[0,6],"105":[6,6],"106":[0,6],"107":[6,6],"108":[0,6],"109":[6,6],"110":[0,6],"111":[6,6],"112":[0,6],"113":[6,6],"114":[0,6],"115":[6,6],"116":[0,6],"117":[6,6],"118":[5,3]}}
,"/home/javierlopez/Coding/react-against-the-machine/src/mechanism.ts": {"path":"/home/javierlopez/Coding/react-against-the-machine/src/mechanism.ts","statementMap":{"0":{"start":{"line":45,"column":4},"end":{"line":45,"column":30}},"1":{"start":{"line":46,"column":4},"end":{"line":46,"column":22}},"2":{"start":{"line":50,"column":4},"end":{"line":50,"column":27}},"3":{"start":{"line":54,"column":4},"end":{"line":54,"column":26}},"4":{"start":{"line":58,"column":4},"end":{"line":58,"column":24}},"5":{"start":{"line":62,"column":4},"end":{"line":62,"column":22}},"6":{"start":{"line":66,"column":18},"end":{"line":66,"column":37}},"7":{"start":{"line":68,"column":4},"end":{"line":70,"column":null}},"8":{"start":{"line":69,"column":6},"end":{"line":69,"column":13}},"9":{"start":{"line":72,"column":4},"end":{"line":72,"column":26}},"10":{"start":{"line":76,"column":27},"end":{"line":76,"column":68}},"11":{"start":{"line":76,"column":55},"end":{"line":76,"column":67}},"12":{"start":{"line":77,"column":4},"end":{"line":77,"column":34}},"13":{"start":{"line":81,"column":4},"end":{"line":81,"column":51}},"14":{"start":{"line":81,"column":37},"end":{"line":81,"column":49}},"15":{"start":{"line":85,"column":33},"end":{"line":92,"column":null}},"16":{"start":{"line":87,"column":8},"end":{"line":89,"column":null}},"17":{"start":{"line":88,"column":10},"end":{"line":88,"column":25}},"18":{"start":{"line":91,"column":8},"end":{"line":91,"column":17}},"19":{"start":{"line":95,"column":4},"end":{"line":95,"column":40}},"20":{"start":{"line":99,"column":18},"end":{"line":99,"column":36}},"21":{"start":{"line":101,"column":4},"end":{"line":103,"column":null}},"22":{"start":{"line":102,"column":6},"end":{"line":102,"column":57}},"23":{"start":{"line":102,"column":43},"end":{"line":102,"column":55}},"24":{"start":{"line":105,"column":4},"end":{"line":105,"column":11}},"25":{"start":{"line":109,"column":30},"end":{"line":116,"column":null}},"26":{"start":{"line":111,"column":8},"end":{"line":113,"column":null}},"27":{"start":{"line":112,"column":10},"end":{"line":112,"column":24}},"28":{"start":{"line":115,"column":8},"end":{"line":115,"column":17}},"29":{"start":{"line":119,"column":4},"end":{"line":119,"column":37}},"30":{"start":{"line":123,"column":18},"end":{"line":123,"column":36}},"31":{"start":{"line":125,"column":4},"end":{"line":127,"column":null}},"32":{"start":{"line":126,"column":6},"end":{"line":126,"column":27}},"33":{"start":{"line":129,"column":4},"end":{"line":129,"column":11}},"34":{"start":{"line":135,"column":4},"end":{"line":147,"column":null}},"35":{"start":{"line":136,"column":6},"end":{"line":146,"column":9}},"36":{"start":{"line":137,"column":8},"end":{"line":145,"column":null}},"37":{"start":{"line":138,"column":10},"end":{"line":144,"column":13}},"38":{"start":{"line":139,"column":12},"end":{"line":143,"column":null}},"39":{"start":{"line":140,"column":14},"end":{"line":142,"column":null}},"40":{"start":{"line":141,"column":16},"end":{"line":141,"column":44}},"41":{"start":{"line":149,"column":4},"end":{"line":149,"column":17}},"42":{"start":{"line":155,"column":4},"end":{"line":165,"column":null}},"43":{"start":{"line":156,"column":6},"end":{"line":164,"column":9}},"44":{"start":{"line":157,"column":8},"end":{"line":163,"column":null}},"45":{"start":{"line":158,"column":10},"end":{"line":162,"column":13}},"46":{"start":{"line":159,"column":12},"end":{"line":161,"column":null}},"47":{"start":{"line":160,"column":14},"end":{"line":160,"column":36}},"48":{"start":{"line":167,"column":4},"end":{"line":167,"column":22}},"49":{"start":{"line":171,"column":4},"end":{"line":171,"column":33}},"50":{"start":{"line":175,"column":4},"end":{"line":175,"column":22}},"51":{"start":{"line":176,"column":4},"end":{"line":176,"column":32}},"52":{"start":{"line":180,"column":0},"end":{"line":180,"column":25}},"53":{"start":{"line":182,"column":13},"end":{"line":182,"column":41}}},"fnMap":{"0":{"name":"(anonymous_0)","decl":{"start":{"line":44,"column":2},"end":{"line":44,"column":14}},"loc":{"start":{"line":44,"column":30},"end":{"line":47,"column":3}}},"1":{"name":"(anonymous_1)","decl":{"start":{"line":49,"column":2},"end":{"line":49,"column":13}},"loc":{"start":{"line":49,"column":22},"end":{"line":51,"column":3}}},"2":{"name":"(anonymous_2)","decl":{"start":{"line":53,"column":2},"end":{"line":53,"column":13}},"loc":{"start":{"line":53,"column":46},"end":{"line":55,"column":3}}},"3":{"name":"(anonymous_3)","decl":{"start":{"line":57,"column":2},"end":{"line":57,"column":13}},"loc":{"start":{"line":57,"column":19},"end":{"line":59,"column":3}}},"4":{"name":"(anonymous_4)","decl":{"start":{"line":61,"column":2},"end":{"line":61,"column":13}},"loc":{"start":{"line":61,"column":31},"end":{"line":63,"column":3}}},"5":{"name":"(anonymous_5)","decl":{"start":{"line":65,"column":9},"end":{"line":65,"column":17}},"loc":{"start":{"line":65,"column":26},"end":{"line":73,"column":3}}},"6":{"name":"(anonymous_6)","decl":{"start":{"line":75,"column":9},"end":{"line":75,"column":20}},"loc":{"start":{"line":75,"column":32},"end":{"line":78,"column":3}}},"7":{"name":"(anonymous_7)","decl":{"start":{"line":76,"column":48},"end":{"line":76,"column":49}},"loc":{"start":{"line":76,"column":55},"end":{"line":76,"column":67}}},"8":{"name":"(anonymous_8)","decl":{"start":{"line":80,"column":9},"end":{"line":80,"column":17}},"loc":{"start":{"line":80,"column":29},"end":{"line":82,"column":3}}},"9":{"name":"(anonymous_9)","decl":{"start":{"line":81,"column":30},"end":{"line":81,"column":31}},"loc":{"start":{"line":81,"column":37},"end":{"line":81,"column":49}}},"10":{"name":"(anonymous_10)","decl":{"start":{"line":84,"column":9},"end":{"line":84,"column":22}},"loc":{"start":{"line":84,"column":46},"end":{"line":96,"column":3}}},"11":{"name":"(anonymous_11)","decl":{"start":{"line":86,"column":6},"end":{"line":86,"column":7}},"loc":{"start":{"line":86,"column":19},"end":{"line":92,"column":7}}},"12":{"name":"(anonymous_12)","decl":{"start":{"line":98,"column":9},"end":{"line":98,"column":22}},"loc":{"start":{"line":98,"column":47},"end":{"line":106,"column":3}}},"13":{"name":"(anonymous_13)","decl":{"start":{"line":102,"column":27},"end":{"line":102,"column":28}},"loc":{"start":{"line":102,"column":43},"end":{"line":102,"column":55}}},"14":{"name":"(anonymous_14)","decl":{"start":{"line":108,"column":9},"end":{"line":108,"column":19}},"loc":{"start":{"line":108,"column":47},"end":{"line":120,"column":3}}},"15":{"name":"(anonymous_15)","decl":{"start":{"line":110,"column":6},"end":{"line":110,"column":7}},"loc":{"start":{"line":110,"column":19},"end":{"line":116,"column":7}}},"16":{"name":"(anonymous_16)","decl":{"start":{"line":122,"column":9},"end":{"line":122,"column":19}},"loc":{"start":{"line":122,"column":31},"end":{"line":130,"column":3}}},"17":{"name":"(anonymous_17)","decl":{"start":{"line":132,"column":9},"end":{"line":132,"column":24}},"loc":{"start":{"line":132,"column":35},"end":{"line":150,"column":3}}},"18":{"name":"(anonymous_18)","decl":{"start":{"line":136,"column":27},"end":{"line":136,"column":28}},"loc":{"start":{"line":136,"column":46},"end":{"line":146,"column":7}}},"19":{"name":"(anonymous_19)","decl":{"start":{"line":138,"column":23},"end":{"line":138,"column":24}},"loc":{"start":{"line":138,"column":44},"end":{"line":144,"column":11}}},"20":{"name":"(anonymous_20)","decl":{"start":{"line":152,"column":9},"end":{"line":152,"column":29}},"loc":{"start":{"line":152,"column":40},"end":{"line":168,"column":3}}},"21":{"name":"(anonymous_21)","decl":{"start":{"line":156,"column":27},"end":{"line":156,"column":28}},"loc":{"start":{"line":156,"column":46},"end":{"line":164,"column":7}}},"22":{"name":"(anonymous_22)","decl":{"start":{"line":158,"column":23},"end":{"line":158,"column":24}},"loc":{"start":{"line":158,"column":44},"end":{"line":162,"column":11}}},"23":{"name":"(anonymous_23)","decl":{"start":{"line":170,"column":9},"end":{"line":170,"column":18}},"loc":{"start":{"line":170,"column":27},"end":{"line":172,"column":3}}},"24":{"name":"(anonymous_24)","decl":{"start":{"line":174,"column":9},"end":{"line":174,"column":14}},"loc":{"start":{"line":174,"column":14},"end":{"line":177,"column":3}}}},"branchMap":{"0":{"loc":{"start":{"line":68,"column":4},"end":{"line":70,"column":null}},"type":"if","locations":[{"start":{"line":68,"column":4},"end":{"line":70,"column":null}},{"start":{"line":68,"column":4},"end":{"line":70,"column":null}}]},"1":{"loc":{"start":{"line":72,"column":16},"end":{"line":72,"column":18}},"type":"cond-expr","locations":[{"start":{"line":72,"column":16},"end":{"line":72,"column":18}},{"start":{"line":72,"column":16},"end":{"line":72,"column":25}}]},"2":{"loc":{"start":{"line":72,"column":4},"end":{"line":72,"column":18}},"type":"binary-expr","locations":[{"start":{"line":72,"column":4},"end":{"line":72,"column":18}},{"start":{"line":72,"column":16},"end":{"line":72,"column":18}}]},"3":{"loc":{"start":{"line":76,"column":39},"end":{"line":76,"column":41}},"type":"cond-expr","locations":[{"start":{"line":76,"column":39},"end":{"line":76,"column":41}},{"start":{"line":76,"column":39},"end":{"line":76,"column":68}}]},"4":{"loc":{"start":{"line":76,"column":27},"end":{"line":76,"column":41}},"type":"binary-expr","locations":[{"start":{"line":76,"column":27},"end":{"line":76,"column":41}},{"start":{"line":76,"column":39},"end":{"line":76,"column":41}}]},"5":{"loc":{"start":{"line":81,"column":23},"end":{"line":81,"column":25}},"type":"cond-expr","locations":[{"start":{"line":81,"column":23},"end":{"line":81,"column":25}},{"start":{"line":81,"column":23},"end":{"line":81,"column":50}}]},"6":{"loc":{"start":{"line":81,"column":11},"end":{"line":81,"column":25}},"type":"binary-expr","locations":[{"start":{"line":81,"column":11},"end":{"line":81,"column":25}},{"start":{"line":81,"column":23},"end":{"line":81,"column":25}}]},"7":{"loc":{"start":{"line":85,"column":45},"end":{"line":85,"column":47}},"type":"cond-expr","locations":[{"start":{"line":85,"column":45},"end":{"line":85,"column":47}},{"start":{"line":85,"column":45},"end":{"line":92,"column":null}}]},"8":{"loc":{"start":{"line":85,"column":33},"end":{"line":85,"column":47}},"type":"binary-expr","locations":[{"start":{"line":85,"column":33},"end":{"line":85,"column":47}},{"start":{"line":85,"column":45},"end":{"line":85,"column":47}}]},"9":{"loc":{"start":{"line":87,"column":8},"end":{"line":89,"column":null}},"type":"if","locations":[{"start":{"line":87,"column":8},"end":{"line":89,"column":null}},{"start":{"line":87,"column":8},"end":{"line":89,"column":null}}]},"10":{"loc":{"start":{"line":88,"column":15},"end":{"line":88,"column":17}},"type":"cond-expr","locations":[{"start":{"line":88,"column":15},"end":{"line":88,"column":17}},{"start":{"line":88,"column":15},"end":{"line":88,"column":24}}]},"11":{"loc":{"start":{"line":88,"column":10},"end":{"line":88,"column":17}},"type":"binary-expr","locations":[{"start":{"line":88,"column":10},"end":{"line":88,"column":17}},{"start":{"line":88,"column":15},"end":{"line":88,"column":17}}]},"12":{"loc":{"start":{"line":88,"column":11},"end":{"line":88,"column":13}},"type":"cond-expr","locations":[{"start":{"line":88,"column":11},"end":{"line":88,"column":13}},{"start":{"line":88,"column":10},"end":{"line":88,"column":15}}]},"13":{"loc":{"start":{"line":88,"column":10},"end":{"line":88,"column":13}},"type":"binary-expr","locations":[{"start":{"line":88,"column":10},"end":{"line":88,"column":13}},{"start":{"line":88,"column":10},"end":{"line":88,"column":13}}]},"14":{"loc":{"start":{"line":101,"column":4},"end":{"line":103,"column":null}},"type":"if","locations":[{"start":{"line":101,"column":4},"end":{"line":103,"column":null}},{"start":{"line":101,"column":4},"end":{"line":103,"column":null}}]},"15":{"loc":{"start":{"line":101,"column":8},"end":{"line":101,"column":13}},"type":"binary-expr","locations":[{"start":{"line":101,"column":8},"end":{"line":101,"column":13}},{"start":{"line":101,"column":17},"end":{"line":101,"column":26}},{"start":{"line":101,"column":30},"end":{"line":101,"column":51}}]},"16":{"loc":{"start":{"line":101,"column":22},"end":{"line":101,"column":24}},"type":"cond-expr","locations":[{"start":{"line":101,"column":22},"end":{"line":101,"column":24}},{"start":{"line":101,"column":17},"end":{"line":101,"column":26}}]},"17":{"loc":{"start":{"line":101,"column":17},"end":{"line":101,"column":24}},"type":"binary-expr","locations":[{"start":{"line":101,"column":17},"end":{"line":101,"column":24}},{"start":{"line":101,"column":17},"end":{"line":101,"column":24}}]},"18":{"loc":{"start":{"line":101,"column":39},"end":{"line":101,"column":41}},"type":"cond-expr","locations":[{"start":{"line":101,"column":39},"end":{"line":101,"column":41}},{"start":{"line":101,"column":39},"end":{"line":101,"column":47}}]},"19":{"loc":{"start":{"line":101,"column":30},"end":{"line":101,"column":41}},"type":"binary-expr","locations":[{"start":{"line":101,"column":30},"end":{"line":101,"column":41}},{"start":{"line":101,"column":39},"end":{"line":101,"column":41}}]},"20":{"loc":{"start":{"line":101,"column":35},"end":{"line":101,"column":37}},"type":"cond-expr","locations":[{"start":{"line":101,"column":35},"end":{"line":101,"column":37}},{"start":{"line":101,"column":30},"end":{"line":101,"column":39}}]},"21":{"loc":{"start":{"line":101,"column":30},"end":{"line":101,"column":37}},"type":"binary-expr","locations":[{"start":{"line":101,"column":30},"end":{"line":101,"column":37}},{"start":{"line":101,"column":30},"end":{"line":101,"column":37}}]},"22":{"loc":{"start":{"line":109,"column":42},"end":{"line":109,"column":44}},"type":"cond-expr","locations":[{"start":{"line":109,"column":42},"end":{"line":109,"column":44}},{"start":{"line":109,"column":42},"end":{"line":116,"column":null}}]},"23":{"loc":{"start":{"line":109,"column":30},"end":{"line":109,"column":44}},"type":"binary-expr","locations":[{"start":{"line":109,"column":30},"end":{"line":109,"column":44}},{"start":{"line":109,"column":42},"end":{"line":109,"column":44}}]},"24":{"loc":{"start":{"line":111,"column":8},"end":{"line":113,"column":null}},"type":"if","locations":[{"start":{"line":111,"column":8},"end":{"line":113,"column":null}},{"start":{"line":111,"column":8},"end":{"line":113,"column":null}}]},"25":{"loc":{"start":{"line":111,"column":12},"end":{"line":111,"column":24}},"type":"binary-expr","locations":[{"start":{"line":111,"column":12},"end":{"line":111,"column":24}},{"start":{"line":111,"column":28},"end":{"line":111,"column":29}}]},"26":{"loc":{"start":{"line":125,"column":4},"end":{"line":127,"column":null}},"type":"if","locations":[{"start":{"line":125,"column":4},"end":{"line":127,"column":null}},{"start":{"line":125,"column":4},"end":{"line":127,"column":null}}]},"27":{"loc":{"start":{"line":125,"column":8},"end":{"line":125,"column":13}},"type":"binary-expr","locations":[{"start":{"line":125,"column":8},"end":{"line":125,"column":13}},{"start":{"line":125,"column":17},"end":{"line":125,"column":31}}]},"28":{"loc":{"start":{"line":125,"column":22},"end":{"line":125,"column":24}},"type":"cond-expr","locations":[{"start":{"line":125,"column":22},"end":{"line":125,"column":24}},{"start":{"line":125,"column":17},"end":{"line":125,"column":31}}]},"29":{"loc":{"start":{"line":125,"column":17},"end":{"line":125,"column":24}},"type":"binary-expr","locations":[{"start":{"line":125,"column":17},"end":{"line":125,"column":24}},{"start":{"line":125,"column":17},"end":{"line":125,"column":24}}]},"30":{"loc":{"start":{"line":135,"column":4},"end":{"line":147,"column":null}},"type":"if","locations":[{"start":{"line":135,"column":4},"end":{"line":147,"column":null}},{"start":{"line":135,"column":4},"end":{"line":147,"column":null}}]},"31":{"loc":{"start":{"line":135,"column":8},"end":{"line":135,"column":21}},"type":"binary-expr","locations":[{"start":{"line":135,"column":8},"end":{"line":135,"column":21}},{"start":{"line":135,"column":25},"end":{"line":135,"column":49}}]},"32":{"loc":{"start":{"line":135,"column":12},"end":{"line":135,"column":14}},"type":"cond-expr","locations":[{"start":{"line":135,"column":12},"end":{"line":135,"column":14}},{"start":{"line":135,"column":8},"end":{"line":135,"column":21}}]},"33":{"loc":{"start":{"line":135,"column":8},"end":{"line":135,"column":14}},"type":"binary-expr","locations":[{"start":{"line":135,"column":8},"end":{"line":135,"column":14}},{"start":{"line":135,"column":8},"end":{"line":135,"column":14}}]},"34":{"loc":{"start":{"line":135,"column":37},"end":{"line":135,"column":39}},"type":"cond-expr","locations":[{"start":{"line":135,"column":37},"end":{"line":135,"column":39}},{"start":{"line":135,"column":37},"end":{"line":135,"column":45}}]},"35":{"loc":{"start":{"line":135,"column":25},"end":{"line":135,"column":39}},"type":"binary-expr","locations":[{"start":{"line":135,"column":25},"end":{"line":135,"column":39}},{"start":{"line":135,"column":37},"end":{"line":135,"column":39}}]},"36":{"loc":{"start":{"line":136,"column":10},"end":{"line":136,"column":12}},"type":"cond-expr","locations":[{"start":{"line":136,"column":10},"end":{"line":136,"column":12}},{"start":{"line":136,"column":6},"end":{"line":146,"column":8}}]},"37":{"loc":{"start":{"line":136,"column":6},"end":{"line":136,"column":12}},"type":"binary-expr","locations":[{"start":{"line":136,"column":6},"end":{"line":136,"column":12}},{"start":{"line":136,"column":6},"end":{"line":136,"column":12}}]},"38":{"loc":{"start":{"line":137,"column":8},"end":{"line":145,"column":null}},"type":"if","locations":[{"start":{"line":137,"column":8},"end":{"line":145,"column":null}},{"start":{"line":137,"column":8},"end":{"line":145,"column":null}}]},"39":{"loc":{"start":{"line":137,"column":12},"end":{"line":137,"column":17}},"type":"binary-expr","locations":[{"start":{"line":137,"column":12},"end":{"line":137,"column":17}},{"start":{"line":137,"column":21},"end":{"line":137,"column":38}}]},"40":{"loc":{"start":{"line":137,"column":13},"end":{"line":137,"column":15}},"type":"cond-expr","locations":[{"start":{"line":137,"column":13},"end":{"line":137,"column":15}},{"start":{"line":137,"column":12},"end":{"line":137,"column":17}}]},"41":{"loc":{"start":{"line":137,"column":12},"end":{"line":137,"column":15}},"type":"binary-expr","locations":[{"start":{"line":137,"column":12},"end":{"line":137,"column":15}},{"start":{"line":137,"column":12},"end":{"line":137,"column":15}}]},"42":{"loc":{"start":{"line":137,"column":26},"end":{"line":137,"column":28}},"type":"cond-expr","locations":[{"start":{"line":137,"column":26},"end":{"line":137,"column":28}},{"start":{"line":137,"column":26},"end":{"line":137,"column":34}}]},"43":{"loc":{"start":{"line":137,"column":21},"end":{"line":137,"column":28}},"type":"binary-expr","locations":[{"start":{"line":137,"column":21},"end":{"line":137,"column":28}},{"start":{"line":137,"column":26},"end":{"line":137,"column":28}}]},"44":{"loc":{"start":{"line":137,"column":22},"end":{"line":137,"column":24}},"type":"cond-expr","locations":[{"start":{"line":137,"column":22},"end":{"line":137,"column":24}},{"start":{"line":137,"column":21},"end":{"line":137,"column":26}}]},"45":{"loc":{"start":{"line":137,"column":21},"end":{"line":137,"column":24}},"type":"binary-expr","locations":[{"start":{"line":137,"column":21},"end":{"line":137,"column":24}},{"start":{"line":137,"column":21},"end":{"line":137,"column":24}}]},"46":{"loc":{"start":{"line":139,"column":12},"end":{"line":143,"column":null}},"type":"if","locations":[{"start":{"line":139,"column":12},"end":{"line":143,"column":null}},{"start":{"line":139,"column":12},"end":{"line":143,"column":null}}]},"47":{"loc":{"start":{"line":139,"column":17},"end":{"line":139,"column":19}},"type":"cond-expr","locations":[{"start":{"line":139,"column":17},"end":{"line":139,"column":19}},{"start":{"line":139,"column":16},"end":{"line":139,"column":24}}]},"48":{"loc":{"start":{"line":139,"column":16},"end":{"line":139,"column":19}},"type":"binary-expr","locations":[{"start":{"line":139,"column":16},"end":{"line":139,"column":19}},{"start":{"line":139,"column":16},"end":{"line":139,"column":19}}]},"49":{"loc":{"start":{"line":140,"column":14},"end":{"line":142,"column":null}},"type":"if","locations":[{"start":{"line":140,"column":14},"end":{"line":142,"column":null}},{"start":{"line":140,"column":14},"end":{"line":142,"column":null}}]},"50":{"loc":{"start":{"line":140,"column":19},"end":{"line":140,"column":21}},"type":"cond-expr","locations":[{"start":{"line":140,"column":19},"end":{"line":140,"column":21}},{"start":{"line":140,"column":18},"end":{"line":140,"column":23}}]},"51":{"loc":{"start":{"line":140,"column":18},"end":{"line":140,"column":21}},"type":"binary-expr","locations":[{"start":{"line":140,"column":18},"end":{"line":140,"column":21}},{"start":{"line":140,"column":18},"end":{"line":140,"column":21}}]},"52":{"loc":{"start":{"line":155,"column":4},"end":{"line":165,"column":null}},"type":"if","locations":[{"start":{"line":155,"column":4},"end":{"line":165,"column":null}},{"start":{"line":155,"column":4},"end":{"line":165,"column":null}}]},"53":{"loc":{"start":{"line":155,"column":8},"end":{"line":155,"column":21}},"type":"binary-expr","locations":[{"start":{"line":155,"column":8},"end":{"line":155,"column":21}},{"start":{"line":155,"column":25},"end":{"line":155,"column":49}}]},"54":{"loc":{"start":{"line":155,"column":12},"end":{"line":155,"column":14}},"type":"cond-expr","locations":[{"start":{"line":155,"column":12},"end":{"line":155,"column":14}},{"start":{"line":155,"column":8},"end":{"line":155,"column":21}}]},"55":{"loc":{"start":{"line":155,"column":8},"end":{"line":155,"column":14}},"type":"binary-expr","locations":[{"start":{"line":155,"column":8},"end":{"line":155,"column":14}},{"start":{"line":155,"column":8},"end":{"line":155,"column":14}}]},"56":{"loc":{"start":{"line":155,"column":37},"end":{"line":155,"column":39}},"type":"cond-expr","locations":[{"start":{"line":155,"column":37},"end":{"line":155,"column":39}},{"start":{"line":155,"column":37},"end":{"line":155,"column":45}}]},"57":{"loc":{"start":{"line":155,"column":25},"end":{"line":155,"column":39}},"type":"binary-expr","locations":[{"start":{"line":155,"column":25},"end":{"line":155,"column":39}},{"start":{"line":155,"column":37},"end":{"line":155,"column":39}}]},"58":{"loc":{"start":{"line":156,"column":10},"end":{"line":156,"column":12}},"type":"cond-expr","locations":[{"start":{"line":156,"column":10},"end":{"line":156,"column":12}},{"start":{"line":156,"column":6},"end":{"line":164,"column":8}}]},"59":{"loc":{"start":{"line":156,"column":6},"end":{"line":156,"column":12}},"type":"binary-expr","locations":[{"start":{"line":156,"column":6},"end":{"line":156,"column":12}},{"start":{"line":156,"column":6},"end":{"line":156,"column":12}}]},"60":{"loc":{"start":{"line":157,"column":8},"end":{"line":163,"column":null}},"type":"if","locations":[{"start":{"line":157,"column":8},"end":{"line":163,"column":null}},{"start":{"line":157,"column":8},"end":{"line":163,"column":null}}]},"61":{"loc":{"start":{"line":157,"column":12},"end":{"line":157,"column":17}},"type":"binary-expr","locations":[{"start":{"line":157,"column":12},"end":{"line":157,"column":17}},{"start":{"line":157,"column":21},"end":{"line":157,"column":38}}]},"62":{"loc":{"start":{"line":157,"column":13},"end":{"line":157,"column":15}},"type":"cond-expr","locations":[{"start":{"line":157,"column":13},"end":{"line":157,"column":15}},{"start":{"line":157,"column":12},"end":{"line":157,"column":17}}]},"63":{"loc":{"start":{"line":157,"column":12},"end":{"line":157,"column":15}},"type":"binary-expr","locations":[{"start":{"line":157,"column":12},"end":{"line":157,"column":15}},{"start":{"line":157,"column":12},"end":{"line":157,"column":15}}]},"64":{"loc":{"start":{"line":157,"column":26},"end":{"line":157,"column":28}},"type":"cond-expr","locations":[{"start":{"line":157,"column":26},"end":{"line":157,"column":28}},{"start":{"line":157,"column":26},"end":{"line":157,"column":34}}]},"65":{"loc":{"start":{"line":157,"column":21},"end":{"line":157,"column":28}},"type":"binary-expr","locations":[{"start":{"line":157,"column":21},"end":{"line":157,"column":28}},{"start":{"line":157,"column":26},"end":{"line":157,"column":28}}]},"66":{"loc":{"start":{"line":157,"column":22},"end":{"line":157,"column":24}},"type":"cond-expr","locations":[{"start":{"line":157,"column":22},"end":{"line":157,"column":24}},{"start":{"line":157,"column":21},"end":{"line":157,"column":26}}]},"67":{"loc":{"start":{"line":157,"column":21},"end":{"line":157,"column":24}},"type":"binary-expr","locations":[{"start":{"line":157,"column":21},"end":{"line":157,"column":24}},{"start":{"line":157,"column":21},"end":{"line":157,"column":24}}]},"68":{"loc":{"start":{"line":159,"column":12},"end":{"line":161,"column":null}},"type":"if","locations":[{"start":{"line":159,"column":12},"end":{"line":161,"column":null}},{"start":{"line":159,"column":12},"end":{"line":161,"column":null}}]},"69":{"loc":{"start":{"line":159,"column":17},"end":{"line":159,"column":19}},"type":"cond-expr","locations":[{"start":{"line":159,"column":17},"end":{"line":159,"column":19}},{"start":{"line":159,"column":16},"end":{"line":159,"column":24}}]},"70":{"loc":{"start":{"line":159,"column":16},"end":{"line":159,"column":19}},"type":"binary-expr","locations":[{"start":{"line":159,"column":16},"end":{"line":159,"column":19}},{"start":{"line":159,"column":16},"end":{"line":159,"column":19}}]},"71":{"loc":{"start":{"line":171,"column":11},"end":{"line":171,"column":23}},"type":"binary-expr","locations":[{"start":{"line":171,"column":11},"end":{"line":171,"column":23}},{"start":{"line":171,"column":27},"end":{"line":171,"column":32}}]},"72":{"loc":{"start":{"line":171,"column":12},"end":{"line":171,"column":14}},"type":"cond-expr","locations":[{"start":{"line":171,"column":12},"end":{"line":171,"column":14}},{"start":{"line":171,"column":11},"end":{"line":171,"column":23}}]},"73":{"loc":{"start":{"line":171,"column":11},"end":{"line":171,"column":14}},"type":"binary-expr","locations":[{"start":{"line":171,"column":11},"end":{"line":171,"column":14}},{"start":{"line":171,"column":11},"end":{"line":171,"column":14}}]}},"s":{"0":2,"1":2,"2":7,"3":8,"4":11,"5":0,"6":22,"7":22,"8":11,"9":11,"10":2,"11":2,"12":2,"13":43,"14":44,"15":9,"16":13,"17":8,"18":13,"19":9,"20":3,"21":3,"22":2,"23":2,"24":1,"25":8,"26":12,"27":7,"28":12,"29":8,"30":3,"31":3,"32":2,"33":1,"34":2,"35":2,"36":4,"37":4,"38":10,"39":5,"40":5,"41":2,"42":2,"43":2,"44":4,"45":4,"46":10,"47":5,"48":2,"49":2,"50":13,"51":13,"52":2,"53":2},"f":{"0":2,"1":7,"2":8,"3":11,"4":0,"5":22,"6":2,"7":2,"8":43,"9":44,"10":9,"11":13,"12":3,"13":2,"14":8,"15":12,"16":3,"17":2,"18":4,"19":10,"20":2,"21":4,"22":10,"23":2,"24":13},"b":{"0":[11,11],"1":[0,11],"2":[11,11],"3":[0,2],"4":[2,2],"5":[0,43],"6":[43,43],"7":[0,9],"8":[9,9],"9":[8,5],"10":[0,8],"11":[8,8],"12":[0,8],"13":[8,8],"14":[2,1],"15":[3,2,2],"16":[0,2],"17":[2,2],"18":[0,2],"19":[2,2],"20":[0,2],"21":[2,2],"22":[0,8],"23":[8,8],"24":[7,5],"25":[12,7],"26":[2,1],"27":[3,2],"28":[0,2],"29":[2,2],"30":[2,0],"31":[2,2],"32":[0,2],"33":[2,2],"34":[0,2],"35":[2,2],"36":[0,2],"37":[2,2],"38":[4,0],"39":[4,4],"40":[0,4],"41":[4,4],"42":[0,4],"43":[4,4],"44":[0,4],"45":[4,4],"46":[5,5],"47":[0,10],"48":[10,10],"49":[5,0],"50":[0,5],"51":[5,5],"52":[2,0],"53":[2,2],"54":[0,2],"55":[2,2],"56":[0,2],"57":[2,2],"58":[0,2],"59":[2,2],"60":[4,0],"61":[4,4],"62":[0,4],"63":[4,4],"64":[0,4],"65":[4,4],"66":[0,4],"67":[4,4],"68":[5,5],"69":[0,10],"70":[10,10],"71":[2,2],"72":[0,2],"73":[2,2]}}
}
