TN:
SF:src/index.tsx
FN:21,Machine
FN:25,(anonymous_8)
FN:31,(anonymous_9)
FN:41,(anonymous_10)
FN:47,(anonymous_11)
FN:58,(anonymous_12)
FN:72,(anonymous_13)
FN:87,(anonymous_14)
FN:110,(anonymous_15)
FN:135,(anonymous_16)
FN:168,(anonymous_17)
FN:190,(anonymous_18)
FN:196,(anonymous_19)
FN:200,(anonymous_20)
FN:244,(anonymous_21)
FN:260,State
FN:271,Transition
FN:279,Content
FN:283,(anonymous_25)
FN:285,(anonymous_26)
FNF:20
FNH:12
FNDA:10,Machine
FNDA:10,(anonymous_8)
FNDA:6,(anonymous_9)
FNDA:0,(anonymous_10)
FNDA:6,(anonymous_11)
FNDA:0,(anonymous_12)
FNDA:0,(anonymous_13)
FNDA:6,(anonymous_14)
FNDA:2,(anonymous_15)
FNDA:8,(anonymous_16)
FNDA:8,(anonymous_17)
FNDA:4,(anonymous_18)
FNDA:8,(anonymous_19)
FNDA:16,(anonymous_20)
FNDA:4,(anonymous_21)
FNDA:0,State
FNDA:0,Transition
FNDA:0,Content
FNDA:0,(anonymous_25)
FNDA:0,(anonymous_26)
DA:1,1
DA:3,1
DA:4,1
DA:21,1
DA:22,40
DA:23,10
DA:25,10
DA:26,10
DA:27,10
DA:28,10
DA:31,10
DA:32,6
DA:34,6
DA:35,4
DA:37,2
DA:41,10
DA:42,0
DA:45,10
DA:47,10
DA:48,6
DA:50,6
DA:51,2
DA:53,4
DA:54,4
DA:58,10
DA:59,0
DA:61,0
DA:62,0
DA:65,0
DA:66,0
DA:68,0
DA:69,0
DA:72,0
DA:73,0
DA:75,0
DA:76,0
DA:80,0
DA:81,0
DA:84,0
DA:87,10
DA:88,6
DA:89,6
DA:91,6
DA:93,6
DA:94,0
DA:97,6
DA:99,6
DA:100,6
DA:103,6
DA:104,0
DA:105,0
DA:109,10
DA:111,2
DA:112,2
DA:114,2
DA:115,2
DA:117,2
DA:118,2
DA:119,2
DA:121,2
DA:122,2
DA:125,0
DA:129,2
DA:134,10
DA:144,8
DA:145,8
DA:153,8
DA:159,8
DA:162,8
DA:167,10
DA:175,8
DA:176,8
DA:184,8
DA:190,10
DA:191,4
DA:192,4
DA:194,4
DA:196,4
DA:197,8
DA:199,8
DA:200,8
DA:201,16
DA:202,16
DA:204,16
DA:205,8
DA:207,8
DA:217,8
DA:218,8
DA:220,8
DA:221,8
DA:234,4
DA:244,10
DA:245,4
DA:246,4
DA:249,10
DA:260,1
DA:261,0
DA:271,1
DA:272,0
DA:279,1
DA:280,0
DA:283,1
DA:285,1
LF:103
LH:81
BRDA:34,0,0,4
BRDA:34,0,1,2
BRDA:50,1,0,2
BRDA:50,1,1,4
BRDA:50,2,0,6
BRDA:50,2,1,4
BRDA:50,3,0,0
BRDA:50,3,1,4
BRDA:50,4,0,4
BRDA:50,4,1,4
BRDA:51,5,0,0
BRDA:51,5,1,2
BRDA:51,6,0,2
BRDA:51,6,1,2
BRDA:61,7,0,0
BRDA:61,7,1,0
BRDA:68,8,0,0
BRDA:68,8,1,0
BRDA:68,9,0,0
BRDA:68,9,1,0
BRDA:68,10,0,0
BRDA:68,10,1,0
BRDA:72,11,0,0
BRDA:72,11,1,0
BRDA:72,12,0,0
BRDA:72,12,1,0
BRDA:72,13,0,0
BRDA:72,13,1,0
BRDA:72,14,0,0
BRDA:72,14,1,0
BRDA:75,15,0,0
BRDA:75,15,1,0
BRDA:75,16,0,0
BRDA:75,16,1,0
BRDA:76,17,0,0
BRDA:76,17,1,0
BRDA:76,18,0,0
BRDA:76,18,1,0
BRDA:80,19,0,0
BRDA:80,19,1,0
BRDA:93,20,0,0
BRDA:93,20,1,6
BRDA:99,21,0,6
BRDA:99,21,1,0
BRDA:99,22,0,0
BRDA:99,22,1,6
BRDA:99,23,0,6
BRDA:99,23,1,6
BRDA:103,24,0,0
BRDA:103,24,1,6
BRDA:103,25,0,0
BRDA:103,25,1,6
BRDA:103,26,0,6
BRDA:103,26,1,6
BRDA:105,27,0,0
BRDA:105,27,1,0
BRDA:105,28,0,0
BRDA:105,28,1,0
BRDA:114,29,0,2
BRDA:114,29,1,0
BRDA:114,30,0,2
BRDA:114,30,1,2
BRDA:117,31,0,2
BRDA:117,31,1,0
BRDA:117,32,0,2
BRDA:117,32,1,0
BRDA:117,32,2,2
BRDA:119,33,0,0
BRDA:119,33,1,2
BRDA:119,34,0,2
BRDA:119,34,1,2
BRDA:121,35,0,2
BRDA:121,35,1,0
BRDA:121,36,0,0
BRDA:121,36,1,2
BRDA:121,37,0,2
BRDA:121,37,1,2
BRDA:144,38,0,8
BRDA:144,38,1,0
BRDA:144,39,0,8
BRDA:144,39,1,8
BRDA:144,39,2,8
BRDA:175,40,0,8
BRDA:175,40,1,0
BRDA:192,41,0,0
BRDA:192,41,1,4
BRDA:192,42,0,4
BRDA:192,42,1,4
BRDA:194,43,0,4
BRDA:194,43,1,0
BRDA:197,44,0,0
BRDA:197,44,1,8
BRDA:197,45,0,8
BRDA:197,45,1,8
BRDA:197,46,0,0
BRDA:197,46,1,8
BRDA:197,47,0,8
BRDA:197,47,1,8
BRDA:199,48,0,8
BRDA:199,48,1,0
BRDA:200,49,0,0
BRDA:200,49,1,8
BRDA:200,50,0,8
BRDA:200,50,1,8
BRDA:200,51,0,0
BRDA:200,51,1,8
BRDA:200,52,0,8
BRDA:200,52,1,8
BRDA:201,53,0,0
BRDA:201,53,1,16
BRDA:201,54,0,16
BRDA:201,54,1,16
BRDA:201,55,0,0
BRDA:201,55,1,16
BRDA:201,56,0,16
BRDA:201,56,1,16
BRDA:202,57,0,0
BRDA:202,57,1,16
BRDA:202,58,0,16
BRDA:202,58,1,16
BRDA:202,59,0,0
BRDA:202,59,1,16
BRDA:202,60,0,16
BRDA:202,60,1,16
BRDA:204,61,0,8
BRDA:204,61,1,8
BRDA:204,62,0,16
BRDA:204,62,1,8
BRDA:208,63,0,0
BRDA:208,63,1,8
BRDA:208,64,0,8
BRDA:208,64,1,8
BRDA:208,65,0,0
BRDA:208,65,1,8
BRDA:208,66,0,8
BRDA:208,66,1,8
BRDA:209,67,0,0
BRDA:209,67,1,8
BRDA:209,68,0,8
BRDA:209,68,1,8
BRDA:209,69,0,0
BRDA:209,69,1,8
BRDA:209,70,0,8
BRDA:209,70,1,8
BRDA:210,71,0,0
BRDA:210,71,1,8
BRDA:210,72,0,8
BRDA:210,72,1,8
BRDA:210,73,0,0
BRDA:210,73,1,8
BRDA:210,74,0,8
BRDA:210,74,1,8
BRDA:211,75,0,0
BRDA:211,75,1,8
BRDA:211,76,0,8
BRDA:211,76,1,8
BRDA:211,77,0,0
BRDA:211,77,1,8
BRDA:211,78,0,8
BRDA:211,78,1,8
BRDA:212,79,0,0
BRDA:212,79,1,8
BRDA:212,80,0,8
BRDA:212,80,1,8
BRDA:212,81,0,0
BRDA:212,81,1,8
BRDA:212,82,0,8
BRDA:212,82,1,8
BRDA:213,83,0,0
BRDA:213,83,1,8
BRDA:213,84,0,8
BRDA:213,84,1,8
BRDA:213,85,0,0
BRDA:213,85,1,8
BRDA:213,86,0,8
BRDA:213,86,1,8
BRDA:214,87,0,0
BRDA:214,87,1,8
BRDA:214,88,0,8
BRDA:214,88,1,8
BRDA:214,89,0,0
BRDA:214,89,1,8
BRDA:214,90,0,8
BRDA:214,90,1,8
BRDA:217,91,0,8
BRDA:217,91,1,0
BRDA:217,92,0,0
BRDA:217,92,1,8
BRDA:217,93,0,8
BRDA:217,93,1,8
BRDA:217,94,0,0
BRDA:217,94,1,8
BRDA:217,95,0,8
BRDA:217,95,1,8
BRDA:218,96,0,0
BRDA:218,96,1,8
BRDA:218,97,0,8
BRDA:218,97,1,8
BRDA:218,98,0,0
BRDA:218,98,1,8
BRDA:218,99,0,8
BRDA:218,99,1,8
BRDA:220,100,0,8
BRDA:220,100,1,0
BRDA:220,101,0,8
BRDA:220,101,1,8
BRDA:222,102,0,0
BRDA:222,102,1,8
BRDA:222,103,0,8
BRDA:222,103,1,8
BRDA:222,104,0,0
BRDA:222,104,1,8
BRDA:222,105,0,8
BRDA:222,105,1,8
BRDA:223,106,0,0
BRDA:223,106,1,8
BRDA:223,107,0,8
BRDA:223,107,1,8
BRDA:223,108,0,0
BRDA:223,108,1,8
BRDA:223,109,0,8
BRDA:223,109,1,8
BRDA:224,110,0,0
BRDA:224,110,1,8
BRDA:224,111,0,8
BRDA:224,111,1,8
BRDA:224,112,0,0
BRDA:224,112,1,8
BRDA:224,113,0,8
BRDA:224,113,1,8
BRDA:225,114,0,0
BRDA:225,114,1,8
BRDA:225,115,0,8
BRDA:225,115,1,8
BRDA:225,116,0,0
BRDA:225,116,1,8
BRDA:225,117,0,8
BRDA:225,117,1,8
BRDA:249,118,0,6
BRDA:249,118,1,4
BRF:240
BRH:156
end_of_record
TN:
SF:src/mechanism.ts
FN:39,(anonymous_2)
FN:44,Mechanism
FN:49,(anonymous_4)
FN:53,(anonymous_5)
FN:57,(anonymous_6)
FN:61,(anonymous_7)
FN:65,(anonymous_8)
FN:75,(anonymous_9)
FN:76,(anonymous_10)
FN:80,(anonymous_11)
FN:81,(anonymous_12)
FN:84,(anonymous_13)
FN:86,(anonymous_14)
FN:98,(anonymous_15)
FN:102,(anonymous_16)
FN:108,(anonymous_17)
FN:110,(anonymous_18)
FN:122,(anonymous_19)
FN:132,(anonymous_20)
FN:136,(anonymous_21)
FN:138,(anonymous_22)
FN:152,(anonymous_23)
FN:156,(anonymous_24)
FN:158,(anonymous_25)
FN:170,(anonymous_26)
FN:174,(anonymous_27)
FNF:26
FNH:25
FNDA:2,(anonymous_2)
FNDA:2,Mechanism
FNDA:8,(anonymous_4)
FNDA:9,(anonymous_5)
FNDA:11,(anonymous_6)
FNDA:0,(anonymous_7)
FNDA:26,(anonymous_8)
FNDA:2,(anonymous_9)
FNDA:2,(anonymous_10)
FNDA:49,(anonymous_11)
FNDA:53,(anonymous_12)
FNDA:11,(anonymous_13)
FNDA:17,(anonymous_14)
FNDA:3,(anonymous_15)
FNDA:2,(anonymous_16)
FNDA:10,(anonymous_17)
FNDA:16,(anonymous_18)
FNDA:3,(anonymous_19)
FNDA:2,(anonymous_20)
FNDA:4,(anonymous_21)
FNDA:10,(anonymous_22)
FNDA:2,(anonymous_23)
FNDA:4,(anonymous_24)
FNDA:10,(anonymous_25)
FNDA:2,(anonymous_26)
FNDA:13,(anonymous_27)
DA:39,2
DA:45,2
DA:46,2
DA:49,2
DA:50,8
DA:54,9
DA:57,2
DA:58,11
DA:62,0
DA:65,2
DA:66,26
DA:68,26
DA:69,15
DA:72,11
DA:75,2
DA:76,2
DA:77,2
DA:80,2
DA:81,53
DA:84,2
DA:85,11
DA:87,17
DA:88,10
DA:91,17
DA:95,11
DA:98,2
DA:99,3
DA:101,3
DA:102,2
DA:105,1
DA:108,2
DA:109,10
DA:111,16
DA:112,9
DA:115,16
DA:119,10
DA:122,2
DA:123,3
DA:125,3
DA:126,2
DA:129,1
DA:132,2
DA:135,2
DA:136,2
DA:137,4
DA:138,4
DA:139,10
DA:140,5
DA:141,5
DA:149,2
DA:152,2
DA:155,2
DA:156,2
DA:157,4
DA:158,4
DA:159,10
DA:160,5
DA:167,2
DA:170,2
DA:171,2
DA:174,2
DA:175,13
DA:176,13
DA:178,2
DA:180,2
DA:182,2
LF:66
LH:65
BRDA:68,0,0,15
BRDA:68,0,1,11
BRDA:72,1,0,0
BRDA:72,1,1,11
BRDA:72,2,0,11
BRDA:72,2,1,11
BRDA:76,3,0,0
BRDA:76,3,1,2
BRDA:76,4,0,2
BRDA:76,4,1,2
BRDA:81,5,0,0
BRDA:81,5,1,49
BRDA:81,6,0,49
BRDA:81,6,1,49
BRDA:85,7,0,0
BRDA:85,7,1,11
BRDA:85,8,0,11
BRDA:85,8,1,11
BRDA:87,9,0,10
BRDA:87,9,1,7
BRDA:88,10,0,0
BRDA:88,10,1,10
BRDA:88,11,0,10
BRDA:88,11,1,10
BRDA:88,12,0,0
BRDA:88,12,1,10
BRDA:88,13,0,10
BRDA:88,13,1,10
BRDA:101,14,0,2
BRDA:101,14,1,1
BRDA:101,15,0,3
BRDA:101,15,1,2
BRDA:101,15,2,2
BRDA:101,16,0,0
BRDA:101,16,1,2
BRDA:101,17,0,2
BRDA:101,17,1,2
BRDA:101,18,0,0
BRDA:101,18,1,2
BRDA:101,19,0,2
BRDA:101,19,1,2
BRDA:101,20,0,0
BRDA:101,20,1,2
BRDA:101,21,0,2
BRDA:101,21,1,2
BRDA:109,22,0,0
BRDA:109,22,1,10
BRDA:109,23,0,10
BRDA:109,23,1,10
BRDA:111,24,0,9
BRDA:111,24,1,7
BRDA:111,25,0,16
BRDA:111,25,1,9
BRDA:125,26,0,2
BRDA:125,26,1,1
BRDA:125,27,0,3
BRDA:125,27,1,2
BRDA:125,28,0,0
BRDA:125,28,1,2
BRDA:125,29,0,2
BRDA:125,29,1,2
BRDA:135,30,0,2
BRDA:135,30,1,0
BRDA:135,31,0,2
BRDA:135,31,1,2
BRDA:135,32,0,0
BRDA:135,32,1,2
BRDA:135,33,0,2
BRDA:135,33,1,2
BRDA:135,34,0,0
BRDA:135,34,1,2
BRDA:135,35,0,2
BRDA:135,35,1,2
BRDA:136,36,0,0
BRDA:136,36,1,2
BRDA:136,37,0,2
BRDA:136,37,1,2
BRDA:137,38,0,4
BRDA:137,38,1,0
BRDA:137,39,0,4
BRDA:137,39,1,4
BRDA:137,40,0,0
BRDA:137,40,1,4
BRDA:137,41,0,4
BRDA:137,41,1,4
BRDA:137,42,0,0
BRDA:137,42,1,4
BRDA:137,43,0,4
BRDA:137,43,1,4
BRDA:137,44,0,0
BRDA:137,44,1,4
BRDA:137,45,0,4
BRDA:137,45,1,4
BRDA:139,46,0,5
BRDA:139,46,1,5
BRDA:139,47,0,0
BRDA:139,47,1,10
BRDA:139,48,0,10
BRDA:139,48,1,10
BRDA:140,49,0,5
BRDA:140,49,1,0
BRDA:140,50,0,0
BRDA:140,50,1,5
BRDA:140,51,0,5
BRDA:140,51,1,5
BRDA:155,52,0,2
BRDA:155,52,1,0
BRDA:155,53,0,2
BRDA:155,53,1,2
BRDA:155,54,0,0
BRDA:155,54,1,2
BRDA:155,55,0,2
BRDA:155,55,1,2
BRDA:155,56,0,0
BRDA:155,56,1,2
BRDA:155,57,0,2
BRDA:155,57,1,2
BRDA:156,58,0,0
BRDA:156,58,1,2
BRDA:156,59,0,2
BRDA:156,59,1,2
BRDA:157,60,0,4
BRDA:157,60,1,0
BRDA:157,61,0,4
BRDA:157,61,1,4
BRDA:157,62,0,0
BRDA:157,62,1,4
BRDA:157,63,0,4
BRDA:157,63,1,4
BRDA:157,64,0,0
BRDA:157,64,1,4
BRDA:157,65,0,4
BRDA:157,65,1,4
BRDA:157,66,0,0
BRDA:157,66,1,4
BRDA:157,67,0,4
BRDA:157,67,1,4
BRDA:159,68,0,5
BRDA:159,68,1,5
BRDA:159,69,0,0
BRDA:159,69,1,10
BRDA:159,70,0,10
BRDA:159,70,1,10
BRDA:171,71,0,2
BRDA:171,71,1,2
BRDA:171,72,0,0
BRDA:171,72,1,2
BRDA:171,73,0,2
BRDA:171,73,1,2
BRF:149
BRH:117
end_of_record
